Added Component: Designator=U1(PQG208_N)
Added Pin To Net: NetName=NetR7_2 Pin=U1-1
Added Pin To Net: NetName=2V5 Pin=U1-7
Added Pin To Net: NetName=GND Pin=U1-10
Added Pin To Net: NetName=CTL_REF Pin=U1-12
Added Pin To Net: NetName=1V2 Pin=U1-13
Added Pin To Net: NetName=CTL_MES Pin=U1-15
Added Pin To Net: NetName=GND Pin=U1-17
Added Pin To Net: NetName=DDS_SDIO_3 Pin=U1-18
Added Pin To Net: NetName=DDS_SDIO_2 Pin=U1-19
Added Pin To Net: NetName=3V3 Pin=U1-21
Added Pin To Net: NetName=DDS_SDIO_1 Pin=U1-22
Added Pin To Net: NetName=DDS_SDIO_0 Pin=U1-23
Added Pin To Net: NetName=DDS_S_CLK Pin=U1-24
Added Pin To Net: NetName=DDS_\C\S\ Pin=U1-25
Added Pin To Net: NetName=GND Pin=U1-27
Added Pin To Net: NetName=DDS_IO_UPDATE Pin=U1-28
Added Pin To Net: NetName=P3 Pin=U1-29
Added Pin To Net: NetName=P2 Pin=U1-30
Added Pin To Net: NetName=P1 Pin=U1-31
Added Pin To Net: NetName=P0 Pin=U1-33
Added Pin To Net: NetName=DDS_CLK_MODE_SEL Pin=U1-34
Added Pin To Net: NetName=DDS_PWR_DWN_CTL Pin=U1-35
Added Pin To Net: NetName=DDS_MASTER_RESET Pin=U1-36
Added Pin To Net: NetName=GND Pin=U1-37
Added Pin To Net: NetName=3V3 Pin=U1-38
Added Pin To Net: NetName=2V5 Pin=U1-44
Added Pin To Net: NetName=3V3 Pin=U1-46
Added Pin To Net: NetName=GND Pin=U1-52
Added Pin To Net: NetName=GND Pin=U1-53
Added Pin To Net: NetName=CSO_B_FLASH Pin=U1-55
Added Pin To Net: NetName=3V3 Pin=U1-59
Added Pin To Net: NetName=MOSI_FLASH Pin=U1-61
Added Pin To Net: NetName=TX232_FPGA Pin=U1-63
Added Pin To Net: NetName=RX232_FPGA Pin=U1-64
Added Pin To Net: NetName=2V5 Pin=U1-66
Added Pin To Net: NetName=1V2 Pin=U1-67
Added Pin To Net: NetName=GND Pin=U1-70
Added Pin To Net: NetName=3V3 Pin=U1-73
Added Pin To Net: NetName=NU_SPI_2 Pin=U1-74
Added Pin To Net: NetName=NU_SPI_1 Pin=U1-75
Added Pin To Net: NetName=SPI_W Pin=U1-76
Added Pin To Net: NetName=SPI_R Pin=U1-77
Added Pin To Net: NetName=SS Pin=U1-78
Added Pin To Net: NetName=GND Pin=U1-79
Added Pin To Net: NetName=MISO Pin=U1-82
Added Pin To Net: NetName=MOSI Pin=U1-83
Added Pin To Net: NetName=SPI_SCLK Pin=U1-84
Added Pin To Net: NetName=GND Pin=U1-85
Added Pin To Net: NetName=DIN_FLASH Pin=U1-87
Added Pin To Net: NetName=3V3 Pin=U1-88
Added Pin To Net: NetName=2V5 Pin=U1-92
Added Pin To Net: NetName=GND Pin=U1-95
Added Pin To Net: NetName=CLK_FLASH Pin=U1-103
Added Pin To Net: NetName=NetR2_2 Pin=U1-104
Added Pin To Net: NetName=GND Pin=U1-105
Added Pin To Net: NetName=2V5 Pin=U1-111
Added Pin To Net: NetName=3V3 Pin=U1-114
Added Pin To Net: NetName=1V2 Pin=U1-117
Added Pin To Net: NetName=GND Pin=U1-121
Added Pin To Net: NetName=CLK_FPGA_50M Pin=U1-124
Added Pin To Net: NetName=3V3 Pin=U1-125
Added Pin To Net: NetName=GND Pin=U1-131
Added Pin To Net: NetName=GND Pin=U1-141
Added Pin To Net: NetName=3V3 Pin=U1-143
Added Pin To Net: NetName=AC_C\S\ Pin=U1-146
Added Pin To Net: NetName=AD_SCLK Pin=U1-147
Added Pin To Net: NetName=2V5 Pin=U1-149
Added Pin To Net: NetName=SDATA_B Pin=U1-151
Added Pin To Net: NetName=SDATA_A Pin=U1-153
Added Pin To Net: NetName=TMS_FPGA Pin=U1-155
Added Pin To Net: NetName=GND Pin=U1-156
Added Pin To Net: NetName=TDO_FPGA Pin=U1-157
Added Pin To Net: NetName=TCK_FPGA Pin=U1-158
Added Pin To Net: NetName=2V5 Pin=U1-166
Added Pin To Net: NetName=1V2 Pin=U1-170
Added Pin To Net: NetName=O\E\_LCD Pin=U1-172
Added Pin To Net: NetName=GND Pin=U1-173
Added Pin To Net: NetName=3V3 Pin=U1-176
Added Pin To Net: NetName=1DIR_LCD Pin=U1-177
Added Pin To Net: NetName=2DIR_LCD Pin=U1-180
Added Pin To Net: NetName=NU_FPGA_1 Pin=U1-181
Added Pin To Net: NetName=GND Pin=U1-182
Added Pin To Net: NetName=NU_FPGA_2 Pin=U1-185
Added Pin To Net: NetName=NU_FPGA_3 Pin=U1-186
Added Pin To Net: NetName=NU_FPGA_4 Pin=U1-187
Added Pin To Net: NetName=GND Pin=U1-188
Added Pin To Net: NetName=NU_FPGA_5 Pin=U1-189
Added Pin To Net: NetName=RS_FPGA_LCD Pin=U1-190
Added Pin To Net: NetName=3V3 Pin=U1-191
Added Pin To Net: NetName=R/W_FPGA_LCD Pin=U1-192
Added Pin To Net: NetName=E_FPGA_LCD Pin=U1-193
Added Pin To Net: NetName=2V5 Pin=U1-195
Added Pin To Net: NetName=DB0_FPGA_LCD Pin=U1-196
Added Pin To Net: NetName=DB1_FPGA_LCD Pin=U1-197
Added Pin To Net: NetName=GND Pin=U1-198
Added Pin To Net: NetName=DB2_FPGA_LCD Pin=U1-199
Added Pin To Net: NetName=DB3_FPGA_LCD Pin=U1-200
Added Pin To Net: NetName=3V3 Pin=U1-201
Added Pin To Net: NetName=DB4_FPGA_LCD Pin=U1-202
Added Pin To Net: NetName=DB5_FPGA_LCD Pin=U1-203
Added Pin To Net: NetName=DB6_FPGA_LCD Pin=U1-205
Added Pin To Net: NetName=DB7_FPGA_LCD Pin=U1-206
Added Pin To Net: NetName=TDI_FPGA Pin=U1-207
Added Pin To Net: NetName=GND Pin=U1-208
Change Class Name : Old Net Name=SH07-COREPWR New Net Name=SH10-ASSI
Added Member To Class: ClassName=SH10-ASSI Member=Component U1 XC3S500E-4PQG208C
