Added Component: Designator=U1(PQG208_N)
Added Component: Designator=U3(NSO16)
Added Component: Designator=U10(PQG208_N)
Added Pin To Net: NetName=NetR7_2 Pin=U1-1
Added Pin To Net: NetName=CSO_B_FLASH Pin=U1-55
Added Pin To Net: NetName=MOSI_FLASH Pin=U1-61
Added Pin To Net: NetName=TX232_FPGA Pin=U1-63
Added Pin To Net: NetName=RX232_FPGA Pin=U1-64
Added Pin To Net: NetName=NU_SPI_2 Pin=U1-74
Added Pin To Net: NetName=NU_SPI_1 Pin=U1-75
Added Pin To Net: NetName=SPI_W Pin=U1-76
Added Pin To Net: NetName=SPI_R Pin=U1-77
Added Pin To Net: NetName=SS Pin=U1-78
Added Pin To Net: NetName=MISO Pin=U1-82
Added Pin To Net: NetName=MOSI Pin=U1-83
Added Pin To Net: NetName=SPI_SCLK Pin=U1-84
Added Pin To Net: NetName=DIN_FLASH Pin=U1-87
Added Pin To Net: NetName=CLK_FLASH Pin=U1-103
Added Pin To Net: NetName=NetR2_2 Pin=U1-104
Added Pin To Net: NetName=AC_C\S\ Pin=U1-146
Added Pin To Net: NetName=AD_SCLK Pin=U1-147
Added Pin To Net: NetName=SDATA_B Pin=U1-151
Added Pin To Net: NetName=SDATA_A Pin=U1-153
Added Pin To Net: NetName=TMS_FPGA Pin=U1-155
Added Pin To Net: NetName=TDO_FPGA Pin=U1-157
Added Pin To Net: NetName=TCK_FPGA Pin=U1-158
Added Pin To Net: NetName=O\E\_LCD Pin=U1-172
Added Pin To Net: NetName=1DIR_LCD Pin=U1-177
Added Pin To Net: NetName=2DIR_LCD Pin=U1-180
Added Pin To Net: NetName=NU_FPGA_1 Pin=U1-181
Added Pin To Net: NetName=NU_FPGA_2 Pin=U1-185
Added Pin To Net: NetName=NU_FPGA_3 Pin=U1-186
Added Pin To Net: NetName=NU_FPGA_4 Pin=U1-187
Added Pin To Net: NetName=NU_FPGA_5 Pin=U1-189
Added Pin To Net: NetName=RS_FPGA_LCD Pin=U1-190
Added Pin To Net: NetName=R/W_FPGA_LCD Pin=U1-192
Added Pin To Net: NetName=E_FPGA_LCD Pin=U1-193
Added Pin To Net: NetName=DB0_FPGA_LCD Pin=U1-196
Added Pin To Net: NetName=DB1_FPGA_LCD Pin=U1-197
Added Pin To Net: NetName=DB2_FPGA_LCD Pin=U1-199
Added Pin To Net: NetName=DB3_FPGA_LCD Pin=U1-200
Added Pin To Net: NetName=DB4_FPGA_LCD Pin=U1-202
Added Pin To Net: NetName=DB5_FPGA_LCD Pin=U1-203
Added Pin To Net: NetName=DB6_FPGA_LCD Pin=U1-205
Added Pin To Net: NetName=DB7_FPGA_LCD Pin=U1-206
Added Pin To Net: NetName=TDI_FPGA Pin=U1-207
Added Pin To Net: NetName=NetC8_2 Pin=U3-1
Added Pin To Net: NetName=NetC5_1 Pin=U3-2
Added Pin To Net: NetName=NetC8_1 Pin=U3-3
Added Pin To Net: NetName=NetC4_1 Pin=U3-4
Added Pin To Net: NetName=NetC4_2 Pin=U3-5
Added Pin To Net: NetName=NetC7_2 Pin=U3-6
Added Pin To Net: NetName=TX232 Pin=U3-7
Added Pin To Net: NetName=RX232 Pin=U3-8
Added Pin To Net: NetName=RX232_FPGA Pin=U3-9
Added Pin To Net: NetName=TX232_FPGA Pin=U3-10
Added Pin To Net: NetName=GND Pin=U3-15
Added Pin To Net: NetName=3V3 Pin=U3-16
Added Pin To Net: NetName=2V5 Pin=U10-7
Added Pin To Net: NetName=GND Pin=U10-10
Added Pin To Net: NetName=1V2 Pin=U10-13
Added Pin To Net: NetName=GND Pin=U10-17
Added Pin To Net: NetName=DDS_MASTER_RESET Pin=U10-19
Added Pin To Net: NetName=3V3 Pin=U10-21
Added Pin To Net: NetName=DDS_PWR_DWN_CTL Pin=U10-22
Added Pin To Net: NetName=DDS_CLK_MODE_SEL Pin=U10-23
Added Pin To Net: NetName=P0 Pin=U10-24
Added Pin To Net: NetName=P1 Pin=U10-25
Added Pin To Net: NetName=GND Pin=U10-27
Added Pin To Net: NetName=P2 Pin=U10-28
Added Pin To Net: NetName=P3 Pin=U10-29
Added Pin To Net: NetName=DDS_IO_UPDATE Pin=U10-30
Added Pin To Net: NetName=DDS_\C\S\ Pin=U10-31
Added Pin To Net: NetName=DDS_S_CLK Pin=U10-33
Added Pin To Net: NetName=DDS_SDIO_0 Pin=U10-34
Added Pin To Net: NetName=DDS_SDIO_1 Pin=U10-35
Added Pin To Net: NetName=DDS_SDIO_2 Pin=U10-36
Added Pin To Net: NetName=GND Pin=U10-37
Added Pin To Net: NetName=3V3 Pin=U10-38
Added Pin To Net: NetName=DDS_SDIO_3 Pin=U10-39
Added Pin To Net: NetName=CTL_MES Pin=U10-41
Added Pin To Net: NetName=CTL_REF Pin=U10-42
Added Pin To Net: NetName=2V5 Pin=U10-44
Added Pin To Net: NetName=3V3 Pin=U10-46
Added Pin To Net: NetName=GND Pin=U10-52
Added Pin To Net: NetName=GND Pin=U10-53
Added Pin To Net: NetName=3V3 Pin=U10-59
Added Pin To Net: NetName=2V5 Pin=U10-66
Added Pin To Net: NetName=1V2 Pin=U10-67
Added Pin To Net: NetName=GND Pin=U10-70
Added Pin To Net: NetName=3V3 Pin=U10-73
Added Pin To Net: NetName=GND Pin=U10-79
Added Pin To Net: NetName=CLK_FPGA_50M Pin=U10-81
Added Pin To Net: NetName=GND Pin=U10-85
Added Pin To Net: NetName=3V3 Pin=U10-88
Added Pin To Net: NetName=2V5 Pin=U10-92
Added Pin To Net: NetName=GND Pin=U10-95
Added Pin To Net: NetName=GND Pin=U10-105
Added Pin To Net: NetName=2V5 Pin=U10-111
Added Pin To Net: NetName=3V3 Pin=U10-114
Added Pin To Net: NetName=1V2 Pin=U10-117
Added Pin To Net: NetName=GND Pin=U10-121
Added Pin To Net: NetName=3V3 Pin=U10-125
Added Pin To Net: NetName=GND Pin=U10-131
Added Pin To Net: NetName=GND Pin=U10-141
Added Pin To Net: NetName=3V3 Pin=U10-143
Added Pin To Net: NetName=2V5 Pin=U10-149
Added Pin To Net: NetName=GND Pin=U10-156
Added Pin To Net: NetName=2V5 Pin=U10-166
Added Pin To Net: NetName=1V2 Pin=U10-170
Added Pin To Net: NetName=GND Pin=U10-173
Added Pin To Net: NetName=3V3 Pin=U10-176
Added Pin To Net: NetName=GND Pin=U10-182
Added Pin To Net: NetName=GND Pin=U10-188
Added Pin To Net: NetName=3V3 Pin=U10-191
Added Pin To Net: NetName=2V5 Pin=U10-195
Added Pin To Net: NetName=GND Pin=U10-198
Added Pin To Net: NetName=3V3 Pin=U10-201
Added Pin To Net: NetName=GND Pin=U10-208
Added Member To Class: ClassName=SH10-ASSI Member=Component U1 XC3S500E-4PQG208C
Added Member To Class: ClassName=SH02-PERI Member=Component U3 MAX3232CSE
Added Member To Class: ClassName=SH05-DDS Member=Component U10 XC3S500E-4PQG208C
