Added Component: Designator=C1(1608[0603])
Added Component: Designator=C2(1206[3216])
Added Component: Designator=C3(1608[0603])
Added Component: Designator=C4(1608[0603])
Added Component: Designator=C5(1608[0603])
Added Component: Designator=C6(1608[0603])
Added Component: Designator=C7(1608[0603])
Added Component: Designator=C8(1608[0603])
Added Component: Designator=C9(1608[0603])
Added Component: Designator=C10(1206[3216])
Added Component: Designator=C11(1206[3216])
Added Component: Designator=C12(1608[0603])
Added Component: Designator=C13(1608[0603])
Added Component: Designator=C14(1608[0603])
Added Component: Designator=C15(1608[0603])
Added Component: Designator=C16(1608[0603])
Added Component: Designator=C17(1608[0603])
Added Component: Designator=C18(1608[0603])
Added Component: Designator=C19(1608[0603])
Added Component: Designator=C20(1608[0603])
Added Component: Designator=C21(1608[0603])
Added Component: Designator=C22(1608[0603])
Added Component: Designator=C23(1608[0603])
Added Component: Designator=C24(1608[0603])
Added Component: Designator=C25(1608[0603])
Added Component: Designator=C26(1608[0603])
Added Component: Designator=C27(1608[0603])
Added Component: Designator=C28(1608[0603])
Added Component: Designator=C29(1608[0603])
Added Component: Designator=C30(1608[0603])
Added Component: Designator=C31(1608[0603])
Added Component: Designator=C32(1608[0603])
Added Component: Designator=C33(1608[0603])
Added Component: Designator=C34(1608[0603])
Added Component: Designator=C35(1608[0603])
Added Component: Designator=C36(1608[0603])
Added Component: Designator=C37(1608[0603])
Added Component: Designator=C38(1608[0603])
Added Component: Designator=C39(1608[0603])
Added Component: Designator=C40(1608[0603])
Added Component: Designator=C41(1608[0603])
Added Component: Designator=C42(1608[0603])
Added Component: Designator=C43(1608[0603])
Added Component: Designator=C44(1608[0603])
Added Component: Designator=C45(1608[0603])
Added Component: Designator=C46(1608[0603])
Added Component: Designator=C47(1608[0603])
Added Component: Designator=C48(1608[0603])
Added Component: Designator=C49(1608[0603])
Added Component: Designator=C50(1608[0603])
Added Component: Designator=C51(1608[0603])
Added Component: Designator=C52(1608[0603])
Added Component: Designator=C53(1608[0603])
Added Component: Designator=C54(1608[0603])
Added Component: Designator=C55(1608[0603])
Added Component: Designator=C56(1608[0603])
Added Component: Designator=C57(1608[0603])
Added Component: Designator=C58(1608[0603])
Added Component: Designator=C59(1608[0603])
Added Component: Designator=C60(1608[0603])
Added Component: Designator=C61(1206[3216])
Added Component: Designator=C62(1206[3216])
Added Component: Designator=C63(1206[3216])
Added Component: Designator=C64(1608[0603])
Added Component: Designator=C65(1608[0603])
Added Component: Designator=C66(1608[0603])
Added Component: Designator=C67(1608[0603])
Added Component: Designator=C68(1206[3216])
Added Component: Designator=C69(1206[3216])
Added Component: Designator=C70(1206[3216])
Added Component: Designator=C71(1608[0603])
Added Component: Designator=C72(1608[0603])
Added Component: Designator=C73(1608[0603])
Added Component: Designator=C74(1608[0603])
Added Component: Designator=C75(1608[0603])
Added Component: Designator=C76(1608[0603])
Added Component: Designator=C77(1608[0603])
Added Component: Designator=C78(1608[0603])
Added Component: Designator=C79(1608[0603])
Added Component: Designator=C80(1608[0603])
Added Component: Designator=C81(1608[0603])
Added Component: Designator=C82(1210[3528])
Added Component: Designator=C83(1206[3216])
Added Component: Designator=C84(1206[3216])
Added Component: Designator=C85(1608[0603])
Added Component: Designator=C86(1608[0603])
Added Component: Designator=C87(1608[0603])
Added Component: Designator=C88(1608[0603])
Added Component: Designator=C89(1608[0603])
Added Component: Designator=C90(1608[0603])
Added Component: Designator=C91(1608[0603])
Added Component: Designator=C92(1608[0603])
Added Component: Designator=C93(1608[0603])
Added Component: Designator=C94(1608[0603])
Added Component: Designator=C95(1608[0603])
Added Component: Designator=C96(1608[0603])
Added Component: Designator=C97(1608[0603])
Added Component: Designator=C98(1608[0603])
Added Component: Designator=C99(1608[0603])
Added Component: Designator=C100(1608[0603])
Added Component: Designator=C101(1608[0603])
Added Component: Designator=C102(1608[0603])
Added Component: Designator=C103(1608[0603])
Added Component: Designator=C104(1608[0603])
Added Component: Designator=C105(1608[0603])
Added Component: Designator=C106(1608[0603])
Added Component: Designator=C107(1608[0603])
Added Component: Designator=C108(1206[3216])
Added Component: Designator=C109(1608[0603])
Added Component: Designator=C110(1608[0603])
Added Component: Designator=C111(1608[0603])
Added Component: Designator=C112(1608[0603])
Added Component: Designator=C113(1608[0603])
Added Component: Designator=C114(1608[0603])
Added Component: Designator=C115(1608[0603])
Added Component: Designator=C116(1608[0603])
Added Component: Designator=C117(1608[0603])
Added Component: Designator=C118(1608[0603])
Added Component: Designator=C119(1608[0603])
Added Component: Designator=C120(1608[0603])
Added Component: Designator=C121(1608[0603])
Added Component: Designator=C122(1608[0603])
Added Component: Designator=C123(1608[0603])
Added Component: Designator=C124(1608[0603])
Added Component: Designator=C125(1210[3528])
Added Component: Designator=C126(1206[3216])
Added Component: Designator=C127(1210[3528])
Added Component: Designator=C128(1206[3216])
Added Component: Designator=C129(1206[3216])
Added Component: Designator=C130(1206[3216])
Added Component: Designator=C131(1206[3216])
Added Component: Designator=C132(1608[0603])
Added Component: Designator=C133(1608[0603])
Added Component: Designator=C134(1608[0603])
Added Component: Designator=C135(1608[0603])
Added Component: Designator=C136(1608[0603])
Added Component: Designator=C137(1608[0603])
Added Component: Designator=C138(1608[0603])
Added Component: Designator=C139(1608[0603])
Added Component: Designator=C140(1210[3528])
Added Component: Designator=C141(1210[3528])
Added Component: Designator=C142(1210[3528])
Added Component: Designator=C143(1608[0603])
Added Component: Designator=C144(1608[0603])
Added Component: Designator=C145(1608[0603])
Added Component: Designator=C146(1608[0603])
Added Component: Designator=C147(1608[0603])
Added Component: Designator=C148(1608[0603])
Added Component: Designator=C149(1206[3216])
Added Component: Designator=C150(1206[3216])
Added Component: Designator=C151(1206[3216])
Added Component: Designator=C152(1608[0603])
Added Component: Designator=C153(1608[0603])
Added Component: Designator=C154(1608[0603])
Added Component: Designator=C155(1608[0603])
Added Component: Designator=C156(1608[0603])
Added Component: Designator=C157(1608[0603])
Added Component: Designator=C158(1206[3216])
Added Component: Designator=C159(1206[3216])
Added Component: Designator=C160(1206[3216])
Added Component: Designator=C161(1608[0603])
Added Component: Designator=C162(1608[0603])
Added Component: Designator=C163(1206[3216])
Added Component: Designator=C164(1608[0603])
Added Component: Designator=C165(1206[3216])
Added Component: Designator=C166(1608[0603])
Added Component: Designator=C167(1608[0603])
Added Component: Designator=C168(1206[3216])
Added Component: Designator=C169(1608[0603])
Added Component: Designator=C170(1206[3216])
Added Component: Designator=C171(1608[0603])
Added Component: Designator=C172(1608[0603])
Added Component: Designator=C173(1206[3216])
Added Component: Designator=C174(1608[0603])
Added Component: Designator=C175(1608[0603])
Added Component: Designator=C176(1206[3216])
Added Component: Designator=C177(1608[0603])
Added Component: Designator=C178(1206[3216])
Added Component: Designator=C179(1608[0603])
Added Component: Designator=C180(1608[0603])
Added Component: Designator=C181(1206[3216])
Added Component: Designator=C182(1608[0603])
Added Component: Designator=C183(1608[0603])
Added Component: Designator=C184(1206[3216])
Added Component: Designator=CH1(SMB_V-RJ45)
Added Component: Designator=CH2(SMB_V-RJ45)
Added Component: Designator=D1(2012[0805] - LED)
Added Component: Designator=J1(DSUB1.385-2H9)
Added Component: Designator=J2(KLD-0202)
Added Component: Designator=L1(L0603)
Added Component: Designator=L2(L0603)
Added Component: Designator=L3(L0603)
Added Component: Designator=L4(L0603)
Added Component: Designator=L5(L0603)
Added Component: Designator=L6(L0603)
Added Component: Designator=L7(L0603)
Added Component: Designator=L8(L0603)
Added Component: Designator=L9(L0603)
Added Component: Designator=L10(L0603)
Added Component: Designator=L11(L0603)
Added Component: Designator=L12(L0603)
Added Component: Designator=L13(L0603)
Added Component: Designator=L14(L0603)
Added Component: Designator=L15(L0603)
Added Component: Designator=L16(L0603)
Added Component: Designator=L17(L1206[3216])
Added Component: Designator=L18(L1206[3216])
Added Component: Designator=L19(L1206[3216])
Added Component: Designator=P1(10Pin - JTAG)
Added Component: Designator=P2(HDR1X3)
Added Component: Designator=P3(8PIN)
Added Component: Designator=P4(HDR1X5)
Added Component: Designator=P5(HDR1X16)
Added Component: Designator=P6(4PIN)
Added Component: Designator=PA1(SMB_V-RJ45)
Added Component: Designator=PB1(SMB_V-RJ45)
Added Component: Designator=R1(1608[0603])
Added Component: Designator=R2(2012[0805])
Added Component: Designator=R3(1608[0603])
Added Component: Designator=R4(1608[0603])
Added Component: Designator=R5(1608[0603])
Added Component: Designator=R6(1608[0603])
Added Component: Designator=R7(1608[0603])
Added Component: Designator=R8(1608[0603])
Added Component: Designator=R9(1608[0603])
Added Component: Designator=R10(1608[0603])
Added Component: Designator=R11(1608[0603])
Added Component: Designator=R12(1608[0603])
Added Component: Designator=R13(1608[0603])
Added Component: Designator=R14(1608[0603])
Added Component: Designator=R15(1608[0603])
Added Component: Designator=R16(1608[0603])
Added Component: Designator=R17(1608[0603])
Added Component: Designator=R18(1608[0603])
Added Component: Designator=R19(1608[0603])
Added Component: Designator=R20(1608[0603])
Added Component: Designator=R21(1608[0603])
Added Component: Designator=R22(1608[0603])
Added Component: Designator=R23(1608[0603])
Added Component: Designator=R24(1608[0603])
Added Component: Designator=R25(1608[0603])
Added Component: Designator=R26(1608[0603])
Added Component: Designator=R27(1608[0603])
Added Component: Designator=R28(1608[0603])
Added Component: Designator=R29(1608[0603])
Added Component: Designator=R30(1608[0603])
Added Component: Designator=R31(1608[0603])
Added Component: Designator=R32(1608[0603])
Added Component: Designator=R33(1608[0603])
Added Component: Designator=R34(1608[0603])
Added Component: Designator=R35(1608[0603])
Added Component: Designator=R36(1608[0603])
Added Component: Designator=R37(1608[0603])
Added Component: Designator=R38(1608[0603])
Added Component: Designator=R39(1608[0603])
Added Component: Designator=R40(1608[0603])
Added Component: Designator=R41(1608[0603])
Added Component: Designator=R42(1608[0603])
Added Component: Designator=R43(1608[0603])
Added Component: Designator=R44(RES-adj)
Added Component: Designator=R45(2012[0805])
Added Component: Designator=R46(2012[0805])
Added Component: Designator=R47(2012[0805])
Added Component: Designator=R48(2012[0805])
Added Component: Designator=R49(2012[0805])
Added Component: Designator=R50(2012[0805])
Added Component: Designator=R51(2012[0805])
Added Component: Designator=R52(2012[0805])
Added Component: Designator=R53(2012[0805])
Added Component: Designator=R54(2012[0805])
Added Component: Designator=R55(2012[0805])
Added Component: Designator=R56(2012[0805])
Added Component: Designator=R57(2012[0805])
Added Component: Designator=R58(1608[0603])
Added Component: Designator=R59(1608[0603])
Added Component: Designator=SW1(PUSHBUTTONSW)
Added Component: Designator=SW2(SW_SD12D09)
Added Component: Designator=TP_1(MYTP)
Added Component: Designator=TP_2(MYTP)
Added Component: Designator=TP_3(MYTP)
Added Component: Designator=TP_4(MYTP)
Added Component: Designator=TP_5(MYTP)
Added Component: Designator=TP_6(MYTP)
Added Component: Designator=TP_7(MYTP)
Added Component: Designator=TP_8(MYTP)
Added Component: Designator=U2(SOT143)
Added Component: Designator=U4(SOIC127P600X175-8N)
Added Component: Designator=U8(TSOP65P640X120-16N)
Added Component: Designator=U9(DL048)
Added Component: Designator=U11(CP-56)
Added Component: Designator=U12(SOT23D)
Added Component: Designator=U13(SOT23D)
Added Component: Designator=U14(TO-263-3SMD)
Added Component: Designator=U15(SOT223P700X180-4N)
Added Component: Designator=U16(SOT-223(FAN1112))
Added Component: Designator=U17(SOIC127P600X175-8N)
Added Component: Designator=U18(SOIC127P600X175-8N)
Added Component: Designator=U19(SOIC127P600X175-8N)
Added Component: Designator=Y1(CRY_4Pin_50M)
Added Component: Designator=Y2(SM-49)
Added Pin To Net: NetName=+5VA Pin=C143-1
Added Pin To Net: NetName=+5VA Pin=C144-1
Added Pin To Net: NetName=+5VA Pin=C145-1
Added Pin To Net: NetName=+5VA Pin=C146-1
Added Pin To Net: NetName=+5VA Pin=C147-1
Added Pin To Net: NetName=+5VA Pin=C148-1
Added Pin To Net: NetName=+5VA Pin=C149-1
Added Pin To Net: NetName=+5VA Pin=C150-1
Added Pin To Net: NetName=+5VA Pin=C151-1
Added Pin To Net: NetName=+5VA Pin=L19-2
Added Net: Name=+5VA
Added Pin To Net: NetName=+5V Pin=L19-1
Added Pin To Net: NetName=+5V Pin=P6-1
Added Net: Name=+5V
Added Pin To Net: NetName=-5VA Pin=C152-2
Added Pin To Net: NetName=-5VA Pin=C153-2
Added Pin To Net: NetName=-5VA Pin=C154-2
Added Pin To Net: NetName=-5VA Pin=C155-2
Added Pin To Net: NetName=-5VA Pin=C156-2
Added Pin To Net: NetName=-5VA Pin=C157-2
Added Pin To Net: NetName=-5VA Pin=C158-2
Added Pin To Net: NetName=-5VA Pin=C159-2
Added Pin To Net: NetName=-5VA Pin=C160-2
Added Pin To Net: NetName=-5VA Pin=L18-2
Added Net: Name=-5VA
Added Pin To Net: NetName=-5V Pin=L18-1
Added Pin To Net: NetName=-5V Pin=P6-4
Added Net: Name=-5V
Added Pin To Net: NetName=1DIR_LCD Pin=R38-1
Added Pin To Net: NetName=1DIR_LCD Pin=R41-1
Added Net: Name=1DIR_LCD
Added Pin To Net: NetName=1V2 Pin=C128-1
Added Pin To Net: NetName=1V2 Pin=C129-1
Added Pin To Net: NetName=1V2 Pin=C130-1
Added Pin To Net: NetName=1V2 Pin=C131-1
Added Pin To Net: NetName=1V2 Pin=C132-2
Added Pin To Net: NetName=1V2 Pin=C133-2
Added Pin To Net: NetName=1V2 Pin=C134-2
Added Pin To Net: NetName=1V2 Pin=C135-2
Added Pin To Net: NetName=1V2 Pin=C136-2
Added Pin To Net: NetName=1V2 Pin=C137-2
Added Pin To Net: NetName=1V2 Pin=C138-2
Added Pin To Net: NetName=1V2 Pin=C139-2
Added Pin To Net: NetName=1V2 Pin=C141-1
Added Pin To Net: NetName=1V2 Pin=C142-1
Added Pin To Net: NetName=1V2 Pin=TP_5-1
Added Pin To Net: NetName=1V2 Pin=U16-2
Added Pin To Net: NetName=1V2 Pin=U16-4
Added Net: Name=1V2
Added Pin To Net: NetName=1V8 Pin=C14-1
Added Pin To Net: NetName=1V8 Pin=C15-1
Added Pin To Net: NetName=1V8 Pin=C16-1
Added Pin To Net: NetName=1V8 Pin=C17-1
Added Pin To Net: NetName=1V8 Pin=C18-1
Added Pin To Net: NetName=1V8 Pin=C19-1
Added Pin To Net: NetName=1V8 Pin=C20-1
Added Pin To Net: NetName=1V8 Pin=C21-1
Added Pin To Net: NetName=1V8 Pin=C22-1
Added Pin To Net: NetName=1V8 Pin=C23-1
Added Pin To Net: NetName=1V8 Pin=C24-1
Added Pin To Net: NetName=1V8 Pin=C25-1
Added Pin To Net: NetName=1V8 Pin=C26-1
Added Pin To Net: NetName=1V8 Pin=C27-1
Added Pin To Net: NetName=1V8 Pin=C28-1
Added Pin To Net: NetName=1V8 Pin=C29-1
Added Pin To Net: NetName=1V8 Pin=C30-1
Added Pin To Net: NetName=1V8 Pin=C31-1
Added Pin To Net: NetName=1V8 Pin=C32-1
Added Pin To Net: NetName=1V8 Pin=C33-1
Added Pin To Net: NetName=1V8 Pin=C34-1
Added Pin To Net: NetName=1V8 Pin=C35-1
Added Pin To Net: NetName=1V8 Pin=C37-1
Added Pin To Net: NetName=1V8 Pin=C38-1
Added Pin To Net: NetName=1V8 Pin=C39-1
Added Pin To Net: NetName=1V8 Pin=C40-1
Added Pin To Net: NetName=1V8 Pin=C41-1
Added Pin To Net: NetName=1V8 Pin=R45-2
Added Pin To Net: NetName=1V8 Pin=R46-1
Added Pin To Net: NetName=1V8 Pin=R47-2
Added Pin To Net: NetName=1V8 Pin=R48-1
Added Pin To Net: NetName=1V8 Pin=R49-1
Added Pin To Net: NetName=1V8 Pin=R50-2
Added Pin To Net: NetName=1V8 Pin=R51-1
Added Pin To Net: NetName=1V8 Pin=R52-2
Added Pin To Net: NetName=1V8 Pin=U11-5
Added Pin To Net: NetName=1V8 Pin=U11-7
Added Pin To Net: NetName=1V8 Pin=U11-11
Added Pin To Net: NetName=1V8 Pin=U11-15
Added Pin To Net: NetName=1V8 Pin=U11-19
Added Pin To Net: NetName=1V8 Pin=U11-21
Added Pin To Net: NetName=1V8 Pin=U11-26
Added Pin To Net: NetName=1V8 Pin=U11-31
Added Pin To Net: NetName=1V8 Pin=U11-33
Added Pin To Net: NetName=1V8 Pin=U11-37
Added Pin To Net: NetName=1V8 Pin=U11-39
Added Pin To Net: NetName=1V8 Pin=U11-45
Added Pin To Net: NetName=1V8 Pin=U11-55
Added Net: Name=1V8
Added Pin To Net: NetName=2DIR_LCD Pin=R37-1
Added Pin To Net: NetName=2DIR_LCD Pin=R43-1
Added Net: Name=2DIR_LCD
Added Pin To Net: NetName=2V5A Pin=C179-1
Added Pin To Net: NetName=2V5A Pin=C180-1
Added Pin To Net: NetName=2V5A Pin=C181-1
Added Pin To Net: NetName=2V5A Pin=C182-1
Added Pin To Net: NetName=2V5A Pin=C183-1
Added Pin To Net: NetName=2V5A Pin=C184-1
Added Pin To Net: NetName=2V5A Pin=U8-9
Added Pin To Net: NetName=2V5A Pin=U19-6
Added Net: Name=2V5A
Added Pin To Net: NetName=2V5 Pin=C108-1
Added Pin To Net: NetName=2V5 Pin=C109-2
Added Pin To Net: NetName=2V5 Pin=C110-2
Added Pin To Net: NetName=2V5 Pin=C111-2
Added Pin To Net: NetName=2V5 Pin=C112-2
Added Pin To Net: NetName=2V5 Pin=C113-2
Added Pin To Net: NetName=2V5 Pin=C114-2
Added Pin To Net: NetName=2V5 Pin=C115-2
Added Pin To Net: NetName=2V5 Pin=C116-2
Added Pin To Net: NetName=2V5 Pin=C117-2
Added Pin To Net: NetName=2V5 Pin=C118-2
Added Pin To Net: NetName=2V5 Pin=C119-2
Added Pin To Net: NetName=2V5 Pin=C120-2
Added Pin To Net: NetName=2V5 Pin=C121-2
Added Pin To Net: NetName=2V5 Pin=C122-2
Added Pin To Net: NetName=2V5 Pin=C123-2
Added Pin To Net: NetName=2V5 Pin=C124-2
Added Pin To Net: NetName=2V5 Pin=C126-1
Added Pin To Net: NetName=2V5 Pin=C127-1
Added Pin To Net: NetName=2V5 Pin=TP_4-1
Added Pin To Net: NetName=2V5 Pin=U15-2
Added Pin To Net: NetName=2V5 Pin=U15-4
Added Net: Name=2V5
Added Pin To Net: NetName=3V3 Pin=C1-1
Added Pin To Net: NetName=3V3 Pin=C6-1
Added Pin To Net: NetName=3V3 Pin=C9-1
Added Pin To Net: NetName=3V3 Pin=C42-1
Added Pin To Net: NetName=3V3 Pin=C43-1
Added Pin To Net: NetName=3V3 Pin=C64-2
Added Pin To Net: NetName=3V3 Pin=C65-2
Added Pin To Net: NetName=3V3 Pin=C66-2
Added Pin To Net: NetName=3V3 Pin=C67-2
Added Pin To Net: NetName=3V3 Pin=C68-1
Added Pin To Net: NetName=3V3 Pin=C69-1
Added Pin To Net: NetName=3V3 Pin=C70-1
Added Pin To Net: NetName=3V3 Pin=C71-2
Added Pin To Net: NetName=3V3 Pin=C72-2
Added Pin To Net: NetName=3V3 Pin=C73-2
Added Pin To Net: NetName=3V3 Pin=C74-2
Added Pin To Net: NetName=3V3 Pin=C75-2
Added Pin To Net: NetName=3V3 Pin=C76-2
Added Pin To Net: NetName=3V3 Pin=C77-2
Added Pin To Net: NetName=3V3 Pin=C78-2
Added Pin To Net: NetName=3V3 Pin=C79-2
Added Pin To Net: NetName=3V3 Pin=C80-2
Added Pin To Net: NetName=3V3 Pin=C81-2
Added Pin To Net: NetName=3V3 Pin=C83-1
Added Pin To Net: NetName=3V3 Pin=C84-1
Added Pin To Net: NetName=3V3 Pin=C85-2
Added Pin To Net: NetName=3V3 Pin=C86-2
Added Pin To Net: NetName=3V3 Pin=C87-2
Added Pin To Net: NetName=3V3 Pin=C88-2
Added Pin To Net: NetName=3V3 Pin=C89-2
Added Pin To Net: NetName=3V3 Pin=C90-2
Added Pin To Net: NetName=3V3 Pin=C91-2
Added Pin To Net: NetName=3V3 Pin=C92-2
Added Pin To Net: NetName=3V3 Pin=C93-2
Added Pin To Net: NetName=3V3 Pin=C94-2
Added Pin To Net: NetName=3V3 Pin=C95-2
Added Pin To Net: NetName=3V3 Pin=C96-2
Added Pin To Net: NetName=3V3 Pin=C97-2
Added Pin To Net: NetName=3V3 Pin=C98-2
Added Pin To Net: NetName=3V3 Pin=C99-2
Added Pin To Net: NetName=3V3 Pin=C100-2
Added Pin To Net: NetName=3V3 Pin=C101-2
Added Pin To Net: NetName=3V3 Pin=C102-2
Added Pin To Net: NetName=3V3 Pin=C103-2
Added Pin To Net: NetName=3V3 Pin=C104-2
Added Pin To Net: NetName=3V3 Pin=C105-2
Added Pin To Net: NetName=3V3 Pin=C106-2
Added Pin To Net: NetName=3V3 Pin=C107-2
Added Pin To Net: NetName=3V3 Pin=C140-1
Added Pin To Net: NetName=3V3 Pin=P1-4
Added Pin To Net: NetName=3V3 Pin=R1-1
Added Pin To Net: NetName=3V3 Pin=R2-1
Added Pin To Net: NetName=3V3 Pin=R4-2
Added Pin To Net: NetName=3V3 Pin=R5-2
Added Pin To Net: NetName=3V3 Pin=R6-2
Added Pin To Net: NetName=3V3 Pin=R7-1
Added Pin To Net: NetName=3V3 Pin=R8-2
Added Pin To Net: NetName=3V3 Pin=R10-2
Added Pin To Net: NetName=3V3 Pin=R14-2
Added Pin To Net: NetName=3V3 Pin=R37-2
Added Pin To Net: NetName=3V3 Pin=R38-2
Added Pin To Net: NetName=3V3 Pin=R39-2
Added Pin To Net: NetName=3V3 Pin=TP_3-1
Added Pin To Net: NetName=3V3 Pin=U2-4
Added Pin To Net: NetName=3V3 Pin=U4-8
Added Pin To Net: NetName=3V3 Pin=U8-16
Added Pin To Net: NetName=3V3 Pin=U9-7
Added Pin To Net: NetName=3V3 Pin=U9-18
Added Pin To Net: NetName=3V3 Pin=U11-49
Added Pin To Net: NetName=3V3 Pin=U14-2
Added Pin To Net: NetName=3V3 Pin=U14-4
Added Pin To Net: NetName=3V3 Pin=U16-3
Added Net: Name=3V3
Added Pin To Net: NetName=5VA Pin=C164-1
Added Pin To Net: NetName=5VA Pin=C165-1
Added Pin To Net: NetName=5VA Pin=C169-1
Added Pin To Net: NetName=5VA Pin=C170-1
Added Pin To Net: NetName=5VA Pin=C177-1
Added Pin To Net: NetName=5VA Pin=C178-1
Added Pin To Net: NetName=5VA Pin=L17-2
Added Pin To Net: NetName=5VA Pin=U17-2
Added Pin To Net: NetName=5VA Pin=U18-2
Added Pin To Net: NetName=5VA Pin=U19-2
Added Net: Name=5VA
Added Pin To Net: NetName=A_LCD Pin=C57-1
Added Pin To Net: NetName=A_LCD Pin=C58-1
Added Pin To Net: NetName=A_LCD Pin=C59-1
Added Pin To Net: NetName=A_LCD Pin=C60-1
Added Pin To Net: NetName=A_LCD Pin=C61-1
Added Pin To Net: NetName=A_LCD Pin=C62-1
Added Pin To Net: NetName=A_LCD Pin=C63-1
Added Pin To Net: NetName=A_LCD Pin=C82-1
Added Pin To Net: NetName=A_LCD Pin=C125-1
Added Pin To Net: NetName=A_LCD Pin=D1-1
Added Pin To Net: NetName=A_LCD Pin=L17-1
Added Pin To Net: NetName=A_LCD Pin=P5-2
Added Pin To Net: NetName=A_LCD Pin=P5-15
Added Pin To Net: NetName=A_LCD Pin=R44-2
Added Pin To Net: NetName=A_LCD Pin=SW2-2
Added Pin To Net: NetName=A_LCD Pin=TP_2-1
Added Pin To Net: NetName=A_LCD Pin=U9-31
Added Pin To Net: NetName=A_LCD Pin=U9-42
Added Pin To Net: NetName=A_LCD Pin=U12-4
Added Pin To Net: NetName=A_LCD Pin=U13-4
Added Pin To Net: NetName=A_LCD Pin=U14-3
Added Pin To Net: NetName=A_LCD Pin=U15-3
Added Net: Name=A_LCD
Added Pin To Net: NetName=AC_C\S\ Pin=U8-10
Added Net: Name=AC_C\S\
Added Pin To Net: NetName=AD_SCLK Pin=U8-15
Added Net: Name=AD_SCLK
Added Pin To Net: NetName=AGND Pin=C10-2
Added Pin To Net: NetName=AGND Pin=C11-2
Added Pin To Net: NetName=AGND Pin=C12-2
Added Pin To Net: NetName=AGND Pin=C13-2
Added Pin To Net: NetName=AGND Pin=C143-2
Added Pin To Net: NetName=AGND Pin=C144-2
Added Pin To Net: NetName=AGND Pin=C145-2
Added Pin To Net: NetName=AGND Pin=C146-2
Added Pin To Net: NetName=AGND Pin=C147-2
Added Pin To Net: NetName=AGND Pin=C148-2
Added Pin To Net: NetName=AGND Pin=C149-2
Added Pin To Net: NetName=AGND Pin=C150-2
Added Pin To Net: NetName=AGND Pin=C151-2
Added Pin To Net: NetName=AGND Pin=C152-1
Added Pin To Net: NetName=AGND Pin=C153-1
Added Pin To Net: NetName=AGND Pin=C154-1
Added Pin To Net: NetName=AGND Pin=C155-1
Added Pin To Net: NetName=AGND Pin=C156-1
Added Pin To Net: NetName=AGND Pin=C157-1
Added Pin To Net: NetName=AGND Pin=C158-1
Added Pin To Net: NetName=AGND Pin=C159-1
Added Pin To Net: NetName=AGND Pin=C160-1
Added Pin To Net: NetName=AGND Pin=C161-2
Added Pin To Net: NetName=AGND Pin=C162-2
Added Pin To Net: NetName=AGND Pin=C163-2
Added Pin To Net: NetName=AGND Pin=C164-2
Added Pin To Net: NetName=AGND Pin=C165-2
Added Pin To Net: NetName=AGND Pin=C166-2
Added Pin To Net: NetName=AGND Pin=C167-2
Added Pin To Net: NetName=AGND Pin=C168-2
Added Pin To Net: NetName=AGND Pin=C169-2
Added Pin To Net: NetName=AGND Pin=C170-2
Added Pin To Net: NetName=AGND Pin=C171-2
Added Pin To Net: NetName=AGND Pin=C172-2
Added Pin To Net: NetName=AGND Pin=C173-2
Added Pin To Net: NetName=AGND Pin=C174-2
Added Pin To Net: NetName=AGND Pin=C175-2
Added Pin To Net: NetName=AGND Pin=C176-2
Added Pin To Net: NetName=AGND Pin=C177-2
Added Pin To Net: NetName=AGND Pin=C178-2
Added Pin To Net: NetName=AGND Pin=C179-2
Added Pin To Net: NetName=AGND Pin=C180-2
Added Pin To Net: NetName=AGND Pin=C181-2
Added Pin To Net: NetName=AGND Pin=C182-2
Added Pin To Net: NetName=AGND Pin=C183-2
Added Pin To Net: NetName=AGND Pin=C184-2
Added Pin To Net: NetName=AGND Pin=PA1-2
Added Pin To Net: NetName=AGND Pin=PA1-2
Added Pin To Net: NetName=AGND Pin=PA1-2
Added Pin To Net: NetName=AGND Pin=PA1-2
Added Pin To Net: NetName=AGND Pin=PB1-2
Added Pin To Net: NetName=AGND Pin=PB1-2
Added Pin To Net: NetName=AGND Pin=PB1-2
Added Pin To Net: NetName=AGND Pin=PB1-2
Added Pin To Net: NetName=AGND Pin=R15-1
Added Pin To Net: NetName=AGND Pin=R16-1
Added Pin To Net: NetName=AGND Pin=R19-1
Added Pin To Net: NetName=AGND Pin=R20-1
Added Pin To Net: NetName=AGND Pin=R21-1
Added Pin To Net: NetName=AGND Pin=R22-1
Added Pin To Net: NetName=AGND Pin=R59-1
Added Pin To Net: NetName=AGND Pin=U8-4
Added Pin To Net: NetName=AGND Pin=U8-5
Added Pin To Net: NetName=AGND Pin=U8-11
Added Pin To Net: NetName=AGND Pin=U17-4
Added Pin To Net: NetName=AGND Pin=U18-4
Added Pin To Net: NetName=AGND Pin=U19-4
Added Net: Name=AGND
Added Pin To Net: NetName=C\H\0\_\I\O\U\T\ Pin=R52-1
Added Pin To Net: NetName=C\H\0\_\I\O\U\T\ Pin=U11-29
Added Net: Name=C\H\0\_\I\O\U\T\
Added Pin To Net: NetName=C\H\1\_\I\O\U\T\ Pin=R47-1
Added Pin To Net: NetName=C\H\1\_\I\O\U\T\ Pin=U11-35
Added Net: Name=C\H\1\_\I\O\U\T\
Added Pin To Net: NetName=C\H\2\_\I\O\U\T\ Pin=R48-2
Added Pin To Net: NetName=C\H\2\_\I\O\U\T\ Pin=U11-9
Added Net: Name=C\H\2\_\I\O\U\T\
Added Pin To Net: NetName=C\H\3\_\I\O\U\T\ Pin=R51-2
Added Pin To Net: NetName=C\H\3\_\I\O\U\T\ Pin=U11-14
Added Net: Name=C\H\3\_\I\O\U\T\
Added Pin To Net: NetName=CH0_100M Pin=L4-2
Added Pin To Net: NetName=CH0_100M Pin=U12-8
Added Net: Name=CH0_100M
Added Pin To Net: NetName=CH0_IOUT Pin=L1-1
Added Pin To Net: NetName=CH0_IOUT Pin=R50-1
Added Pin To Net: NetName=CH0_IOUT Pin=U11-30
Added Net: Name=CH0_IOUT
Added Pin To Net: NetName=CH1_100M Pin=L8-2
Added Pin To Net: NetName=CH1_100M Pin=U13-8
Added Net: Name=CH1_100M
Added Pin To Net: NetName=CH1_IOUT Pin=L5-1
Added Pin To Net: NetName=CH1_IOUT Pin=R45-1
Added Pin To Net: NetName=CH1_IOUT Pin=U11-36
Added Net: Name=CH1_IOUT
Added Pin To Net: NetName=CH2_4M Pin=L12-2
Added Pin To Net: NetName=CH2_4M Pin=U12-2
Added Net: Name=CH2_4M
Added Pin To Net: NetName=CH2_IOUT Pin=L9-1
Added Pin To Net: NetName=CH2_IOUT Pin=R46-2
Added Pin To Net: NetName=CH2_IOUT Pin=U11-8
Added Net: Name=CH2_IOUT
Added Pin To Net: NetName=CH3_4M Pin=L16-2
Added Pin To Net: NetName=CH3_4M Pin=U13-2
Added Net: Name=CH3_4M
Added Pin To Net: NetName=CH3_IOUT Pin=L13-1
Added Pin To Net: NetName=CH3_IOUT Pin=R49-2
Added Pin To Net: NetName=CH3_IOUT Pin=U11-13
Added Net: Name=CH3_IOUT
Added Pin To Net: NetName=CLK_FLASH Pin=U4-6
Added Net: Name=CLK_FLASH
Added Pin To Net: NetName=CLK_FPGA_50M Pin=R9-2
Added Net: Name=CLK_FPGA_50M
Added Pin To Net: NetName=CSO_B_FLASH Pin=U4-1
Added Net: Name=CSO_B_FLASH
Added Pin To Net: NetName=CTL_MES Pin=U12-6
Added Net: Name=CTL_MES
Added Pin To Net: NetName=CTL_REF Pin=U13-6
Added Net: Name=CTL_REF
Added Pin To Net: NetName=DB0_FPGA_LCD Pin=U9-36
Added Net: Name=DB0_FPGA_LCD
Added Pin To Net: NetName=DB0_LCD Pin=P5-7
Added Pin To Net: NetName=DB0_LCD Pin=U9-13
Added Net: Name=DB0_LCD
Added Pin To Net: NetName=DB1_FPGA_LCD Pin=U9-35
Added Net: Name=DB1_FPGA_LCD
Added Pin To Net: NetName=DB1_LCD Pin=P5-8
Added Pin To Net: NetName=DB1_LCD Pin=U9-14
Added Net: Name=DB1_LCD
Added Pin To Net: NetName=DB2_FPGA_LCD Pin=U9-33
Added Net: Name=DB2_FPGA_LCD
Added Pin To Net: NetName=DB2_LCD Pin=P5-9
Added Pin To Net: NetName=DB2_LCD Pin=U9-16
Added Net: Name=DB2_LCD
Added Pin To Net: NetName=DB3_FPGA_LCD Pin=U9-32
Added Net: Name=DB3_FPGA_LCD
Added Pin To Net: NetName=DB3_LCD Pin=P5-10
Added Pin To Net: NetName=DB3_LCD Pin=U9-17
Added Net: Name=DB3_LCD
Added Pin To Net: NetName=DB4_FPGA_LCD Pin=U9-30
Added Net: Name=DB4_FPGA_LCD
Added Pin To Net: NetName=DB4_LCD Pin=P5-11
Added Pin To Net: NetName=DB4_LCD Pin=U9-19
Added Net: Name=DB4_LCD
Added Pin To Net: NetName=DB5_FPGA_LCD Pin=U9-29
Added Net: Name=DB5_FPGA_LCD
Added Pin To Net: NetName=DB5_LCD Pin=P5-12
Added Pin To Net: NetName=DB5_LCD Pin=U9-20
Added Net: Name=DB5_LCD
Added Pin To Net: NetName=DB6_FPGA_LCD Pin=U9-27
Added Net: Name=DB6_FPGA_LCD
Added Pin To Net: NetName=DB6_LCD Pin=P5-13
Added Pin To Net: NetName=DB6_LCD Pin=U9-22
Added Net: Name=DB6_LCD
Added Pin To Net: NetName=DB7_FPGA_LCD Pin=U9-26
Added Net: Name=DB7_FPGA_LCD
Added Pin To Net: NetName=DB7_LCD Pin=P5-14
Added Pin To Net: NetName=DB7_LCD Pin=U9-23
Added Net: Name=DB7_LCD
Added Pin To Net: NetName=DDS_\C\S\ Pin=U11-47
Added Net: Name=DDS_\C\S\
Added Pin To Net: NetName=DDS_CLK_MODE_SEL Pin=U11-24
Added Net: Name=DDS_CLK_MODE_SEL
Added Pin To Net: NetName=DDS_IO_UPDATE Pin=U11-46
Added Net: Name=DDS_IO_UPDATE
Added Pin To Net: NetName=DDS_MASTER_RESET Pin=U11-3
Added Net: Name=DDS_MASTER_RESET
Added Pin To Net: NetName=DDS_PWR_DWN_CTL Pin=U11-4
Added Net: Name=DDS_PWR_DWN_CTL
Added Pin To Net: NetName=DDS_S_CLK Pin=U11-48
Added Net: Name=DDS_S_CLK
Added Pin To Net: NetName=DDS_SDIO_0 Pin=U11-50
Added Net: Name=DDS_SDIO_0
Added Pin To Net: NetName=DDS_SDIO_1 Pin=U11-51
Added Net: Name=DDS_SDIO_1
Added Pin To Net: NetName=DDS_SDIO_2 Pin=U11-52
Added Net: Name=DDS_SDIO_2
Added Pin To Net: NetName=DDS_SDIO_3 Pin=U11-53
Added Net: Name=DDS_SDIO_3
Added Pin To Net: NetName=DDS_SYNC_CLK Pin=TP_1-1
Added Pin To Net: NetName=DDS_SYNC_CLK Pin=U11-54
Added Net: Name=DDS_SYNC_CLK
Added Pin To Net: NetName=DIN_FLASH Pin=U4-2
Added Net: Name=DIN_FLASH
Added Pin To Net: NetName=E_FPGA_LCD Pin=U9-37
Added Net: Name=E_FPGA_LCD
Added Pin To Net: NetName=E_LCD Pin=P5-6
Added Pin To Net: NetName=E_LCD Pin=U9-12
Added Net: Name=E_LCD
Added Pin To Net: NetName=GND Pin=C1-2
Added Pin To Net: NetName=GND Pin=C2-2
Added Pin To Net: NetName=GND Pin=C3-2
Added Pin To Net: NetName=GND Pin=C5-2
Added Pin To Net: NetName=GND Pin=C6-2
Added Pin To Net: NetName=GND Pin=C7-1
Added Pin To Net: NetName=GND Pin=C9-2
Added Pin To Net: NetName=GND Pin=C14-2
Added Pin To Net: NetName=GND Pin=C15-2
Added Pin To Net: NetName=GND Pin=C16-2
Added Pin To Net: NetName=GND Pin=C17-2
Added Pin To Net: NetName=GND Pin=C18-2
Added Pin To Net: NetName=GND Pin=C19-2
Added Pin To Net: NetName=GND Pin=C20-2
Added Pin To Net: NetName=GND Pin=C21-2
Added Pin To Net: NetName=GND Pin=C22-2
Added Pin To Net: NetName=GND Pin=C23-2
Added Pin To Net: NetName=GND Pin=C24-2
Added Pin To Net: NetName=GND Pin=C25-2
Added Pin To Net: NetName=GND Pin=C26-2
Added Pin To Net: NetName=GND Pin=C27-2
Added Pin To Net: NetName=GND Pin=C28-2
Added Pin To Net: NetName=GND Pin=C29-2
Added Pin To Net: NetName=GND Pin=C30-2
Added Pin To Net: NetName=GND Pin=C31-2
Added Pin To Net: NetName=GND Pin=C32-2
Added Pin To Net: NetName=GND Pin=C33-2
Added Pin To Net: NetName=GND Pin=C34-2
Added Pin To Net: NetName=GND Pin=C36-1
Added Pin To Net: NetName=GND Pin=C37-2
Added Pin To Net: NetName=GND Pin=C38-2
Added Pin To Net: NetName=GND Pin=C39-2
Added Pin To Net: NetName=GND Pin=C40-2
Added Pin To Net: NetName=GND Pin=C41-2
Added Pin To Net: NetName=GND Pin=C42-2
Added Pin To Net: NetName=GND Pin=C43-2
Added Pin To Net: NetName=GND Pin=C44-2
Added Pin To Net: NetName=GND Pin=C45-2
Added Pin To Net: NetName=GND Pin=C46-2
Added Pin To Net: NetName=GND Pin=C47-2
Added Pin To Net: NetName=GND Pin=C48-2
Added Pin To Net: NetName=GND Pin=C49-2
Added Pin To Net: NetName=GND Pin=C50-2
Added Pin To Net: NetName=GND Pin=C51-2
Added Pin To Net: NetName=GND Pin=C52-2
Added Pin To Net: NetName=GND Pin=C53-2
Added Pin To Net: NetName=GND Pin=C54-2
Added Pin To Net: NetName=GND Pin=C55-2
Added Pin To Net: NetName=GND Pin=C56-2
Added Pin To Net: NetName=GND Pin=C57-2
Added Pin To Net: NetName=GND Pin=C58-2
Added Pin To Net: NetName=GND Pin=C59-2
Added Pin To Net: NetName=GND Pin=C60-2
Added Pin To Net: NetName=GND Pin=C61-2
Added Pin To Net: NetName=GND Pin=C62-2
Added Pin To Net: NetName=GND Pin=C63-2
Added Pin To Net: NetName=GND Pin=C64-1
Added Pin To Net: NetName=GND Pin=C65-1
Added Pin To Net: NetName=GND Pin=C66-1
Added Pin To Net: NetName=GND Pin=C67-1
Added Pin To Net: NetName=GND Pin=C68-2
Added Pin To Net: NetName=GND Pin=C69-2
Added Pin To Net: NetName=GND Pin=C70-2
Added Pin To Net: NetName=GND Pin=C71-1
Added Pin To Net: NetName=GND Pin=C72-1
Added Pin To Net: NetName=GND Pin=C73-1
Added Pin To Net: NetName=GND Pin=C74-1
Added Pin To Net: NetName=GND Pin=C75-1
Added Pin To Net: NetName=GND Pin=C76-1
Added Pin To Net: NetName=GND Pin=C77-1
Added Pin To Net: NetName=GND Pin=C78-1
Added Pin To Net: NetName=GND Pin=C79-1
Added Pin To Net: NetName=GND Pin=C80-1
Added Pin To Net: NetName=GND Pin=C81-1
Added Pin To Net: NetName=GND Pin=C82-2
Added Pin To Net: NetName=GND Pin=C83-2
Added Pin To Net: NetName=GND Pin=C84-2
Added Pin To Net: NetName=GND Pin=C85-1
Added Pin To Net: NetName=GND Pin=C86-1
Added Pin To Net: NetName=GND Pin=C87-1
Added Pin To Net: NetName=GND Pin=C88-1
Added Pin To Net: NetName=GND Pin=C89-1
Added Pin To Net: NetName=GND Pin=C90-1
Added Pin To Net: NetName=GND Pin=C91-1
Added Pin To Net: NetName=GND Pin=C92-1
Added Pin To Net: NetName=GND Pin=C93-1
Added Pin To Net: NetName=GND Pin=C94-1
Added Pin To Net: NetName=GND Pin=C95-1
Added Pin To Net: NetName=GND Pin=C96-1
Added Pin To Net: NetName=GND Pin=C97-1
Added Pin To Net: NetName=GND Pin=C98-1
Added Pin To Net: NetName=GND Pin=C99-1
Added Pin To Net: NetName=GND Pin=C100-1
Added Pin To Net: NetName=GND Pin=C101-1
Added Pin To Net: NetName=GND Pin=C102-1
Added Pin To Net: NetName=GND Pin=C103-1
Added Pin To Net: NetName=GND Pin=C104-1
Added Pin To Net: NetName=GND Pin=C105-1
Added Pin To Net: NetName=GND Pin=C106-1
Added Pin To Net: NetName=GND Pin=C107-1
Added Pin To Net: NetName=GND Pin=C108-2
Added Pin To Net: NetName=GND Pin=C109-1
Added Pin To Net: NetName=GND Pin=C110-1
Added Pin To Net: NetName=GND Pin=C111-1
Added Pin To Net: NetName=GND Pin=C112-1
Added Pin To Net: NetName=GND Pin=C113-1
Added Pin To Net: NetName=GND Pin=C114-1
Added Pin To Net: NetName=GND Pin=C115-1
Added Pin To Net: NetName=GND Pin=C116-1
Added Pin To Net: NetName=GND Pin=C117-1
Added Pin To Net: NetName=GND Pin=C118-1
Added Pin To Net: NetName=GND Pin=C119-1
Added Pin To Net: NetName=GND Pin=C120-1
Added Pin To Net: NetName=GND Pin=C121-1
Added Pin To Net: NetName=GND Pin=C122-1
Added Pin To Net: NetName=GND Pin=C123-1
Added Pin To Net: NetName=GND Pin=C124-1
Added Pin To Net: NetName=GND Pin=C125-2
Added Pin To Net: NetName=GND Pin=C126-2
Added Pin To Net: NetName=GND Pin=C127-2
Added Pin To Net: NetName=GND Pin=C128-2
Added Pin To Net: NetName=GND Pin=C129-2
Added Pin To Net: NetName=GND Pin=C130-2
Added Pin To Net: NetName=GND Pin=C131-2
Added Pin To Net: NetName=GND Pin=C132-1
Added Pin To Net: NetName=GND Pin=C133-1
Added Pin To Net: NetName=GND Pin=C134-1
Added Pin To Net: NetName=GND Pin=C135-1
Added Pin To Net: NetName=GND Pin=C136-1
Added Pin To Net: NetName=GND Pin=C137-1
Added Pin To Net: NetName=GND Pin=C138-1
Added Pin To Net: NetName=GND Pin=C139-1
Added Pin To Net: NetName=GND Pin=C140-2
Added Pin To Net: NetName=GND Pin=C141-2
Added Pin To Net: NetName=GND Pin=C142-2
Added Pin To Net: NetName=GND Pin=CH1-2
Added Pin To Net: NetName=GND Pin=CH1-2
Added Pin To Net: NetName=GND Pin=CH1-2
Added Pin To Net: NetName=GND Pin=CH1-2
Added Pin To Net: NetName=GND Pin=CH2-2
Added Pin To Net: NetName=GND Pin=CH2-2
Added Pin To Net: NetName=GND Pin=CH2-2
Added Pin To Net: NetName=GND Pin=CH2-2
Added Pin To Net: NetName=GND Pin=J1-5
Added Pin To Net: NetName=GND Pin=J2-2
Added Pin To Net: NetName=GND Pin=J2-2A
Added Pin To Net: NetName=GND Pin=J2-2B
Added Pin To Net: NetName=GND Pin=P1-2
Added Pin To Net: NetName=GND Pin=P1-10
Added Pin To Net: NetName=GND Pin=P5-1
Added Pin To Net: NetName=GND Pin=P5-16
Added Pin To Net: NetName=GND Pin=P6-2
Added Pin To Net: NetName=GND Pin=P6-3
Added Pin To Net: NetName=GND Pin=R3-2
Added Pin To Net: NetName=GND Pin=R11-1
Added Pin To Net: NetName=GND Pin=R44-1
Added Pin To Net: NetName=GND Pin=R54-2
Added Pin To Net: NetName=GND Pin=R56-2
Added Pin To Net: NetName=GND Pin=R57-2
Added Pin To Net: NetName=GND Pin=R58-2
Added Pin To Net: NetName=GND Pin=R59-2
Added Pin To Net: NetName=GND Pin=SW1-B
Added Pin To Net: NetName=GND Pin=SW1-BB
Added Pin To Net: NetName=GND Pin=U2-1
Added Pin To Net: NetName=GND Pin=U4-4
Added Pin To Net: NetName=GND Pin=U8-12
Added Pin To Net: NetName=GND Pin=U9-4
Added Pin To Net: NetName=GND Pin=U9-10
Added Pin To Net: NetName=GND Pin=U9-15
Added Pin To Net: NetName=GND Pin=U9-21
Added Pin To Net: NetName=GND Pin=U9-28
Added Pin To Net: NetName=GND Pin=U9-34
Added Pin To Net: NetName=GND Pin=U9-39
Added Pin To Net: NetName=GND Pin=U9-45
Added Pin To Net: NetName=GND Pin=U11-6
Added Pin To Net: NetName=GND Pin=U11-10
Added Pin To Net: NetName=GND Pin=U11-12
Added Pin To Net: NetName=GND Pin=U11-16
Added Pin To Net: NetName=GND Pin=U11-18
Added Pin To Net: NetName=GND Pin=U11-20
Added Pin To Net: NetName=GND Pin=U11-25
Added Pin To Net: NetName=GND Pin=U11-28
Added Pin To Net: NetName=GND Pin=U11-32
Added Pin To Net: NetName=GND Pin=U11-34
Added Pin To Net: NetName=GND Pin=U11-38
Added Pin To Net: NetName=GND Pin=U11-44
Added Pin To Net: NetName=GND Pin=U11-56
Added Pin To Net: NetName=GND Pin=U12-3
Added Pin To Net: NetName=GND Pin=U12-7
Added Pin To Net: NetName=GND Pin=U13-3
Added Pin To Net: NetName=GND Pin=U13-7
Added Pin To Net: NetName=GND Pin=U14-1
Added Pin To Net: NetName=GND Pin=U15-1
Added Pin To Net: NetName=GND Pin=U16-1
Added Pin To Net: NetName=GND Pin=Y1-2
Added Net: Name=GND
Added Pin To Net: NetName=MESOUT Pin=CH1-1
Added Pin To Net: NetName=MESOUT Pin=R56-1
Added Pin To Net: NetName=MESOUT Pin=U12-1
Added Net: Name=MESOUT
Added Pin To Net: NetName=MISO Pin=P3-3
Added Net: Name=MISO
Added Pin To Net: NetName=MOSI_FLASH Pin=U4-5
Added Net: Name=MOSI_FLASH
Added Pin To Net: NetName=MOSI Pin=P3-2
Added Net: Name=MOSI
Added Pin To Net: NetName=NetC2_1 Pin=C2-1
Added Pin To Net: NetName=NetC2_1 Pin=C3-1
Added Pin To Net: NetName=NetC2_1 Pin=R1-2
Added Pin To Net: NetName=NetC2_1 Pin=Y1-4
Added Net: Name=NetC2_1
Added Pin To Net: NetName=NetC4_1 Pin=C4-1
Added Net: Name=NetC4_1
Added Pin To Net: NetName=NetC4_2 Pin=C4-2
Added Net: Name=NetC4_2
Added Pin To Net: NetName=NetC5_1 Pin=C5-1
Added Net: Name=NetC5_1
Added Pin To Net: NetName=NetC7_2 Pin=C7-2
Added Net: Name=NetC7_2
Added Pin To Net: NetName=NetC8_1 Pin=C8-1
Added Net: Name=NetC8_1
Added Pin To Net: NetName=NetC8_2 Pin=C8-2
Added Net: Name=NetC8_2
Added Pin To Net: NetName=NetC10_1 Pin=C10-1
Added Pin To Net: NetName=NetC10_1 Pin=R20-2
Added Pin To Net: NetName=NetC10_1 Pin=R23-1
Added Net: Name=NetC10_1
Added Pin To Net: NetName=NetC11_1 Pin=C11-1
Added Pin To Net: NetName=NetC11_1 Pin=R22-2
Added Pin To Net: NetName=NetC11_1 Pin=R24-1
Added Net: Name=NetC11_1
Added Pin To Net: NetName=NetC35_2 Pin=C35-2
Added Pin To Net: NetName=NetC35_2 Pin=R53-1
Added Net: Name=NetC35_2
Added Pin To Net: NetName=NetC36_2 Pin=C36-2
Added Pin To Net: NetName=NetC36_2 Pin=U11-22
Added Pin To Net: NetName=NetC36_2 Pin=Y2-2
Added Net: Name=NetC36_2
Added Pin To Net: NetName=NetC44_1 Pin=C44-1
Added Pin To Net: NetName=NetC44_1 Pin=U11-23
Added Pin To Net: NetName=NetC44_1 Pin=Y2-1
Added Net: Name=NetC44_1
Added Pin To Net: NetName=NetC45_1 Pin=C45-1
Added Pin To Net: NetName=NetC45_1 Pin=L1-2
Added Pin To Net: NetName=NetC45_1 Pin=L2-1
Added Net: Name=NetC45_1
Added Pin To Net: NetName=NetC46_1 Pin=C46-1
Added Pin To Net: NetName=NetC46_1 Pin=L2-2
Added Pin To Net: NetName=NetC46_1 Pin=L3-1
Added Net: Name=NetC46_1
Added Pin To Net: NetName=NetC47_1 Pin=C47-1
Added Pin To Net: NetName=NetC47_1 Pin=L3-2
Added Pin To Net: NetName=NetC47_1 Pin=L4-1
Added Net: Name=NetC47_1
Added Pin To Net: NetName=NetC48_1 Pin=C48-1
Added Pin To Net: NetName=NetC48_1 Pin=L5-2
Added Pin To Net: NetName=NetC48_1 Pin=L6-1
Added Net: Name=NetC48_1
Added Pin To Net: NetName=NetC49_1 Pin=C49-1
Added Pin To Net: NetName=NetC49_1 Pin=L6-2
Added Pin To Net: NetName=NetC49_1 Pin=L7-1
Added Net: Name=NetC49_1
Added Pin To Net: NetName=NetC50_1 Pin=C50-1
Added Pin To Net: NetName=NetC50_1 Pin=L7-2
Added Pin To Net: NetName=NetC50_1 Pin=L8-1
Added Net: Name=NetC50_1
Added Pin To Net: NetName=NetC51_1 Pin=C51-1
Added Pin To Net: NetName=NetC51_1 Pin=L9-2
Added Pin To Net: NetName=NetC51_1 Pin=L10-1
Added Net: Name=NetC51_1
Added Pin To Net: NetName=NetC52_1 Pin=C52-1
Added Pin To Net: NetName=NetC52_1 Pin=L10-2
Added Pin To Net: NetName=NetC52_1 Pin=L11-1
Added Net: Name=NetC52_1
Added Pin To Net: NetName=NetC53_1 Pin=C53-1
Added Pin To Net: NetName=NetC53_1 Pin=L11-2
Added Pin To Net: NetName=NetC53_1 Pin=L12-1
Added Net: Name=NetC53_1
Added Pin To Net: NetName=NetC54_1 Pin=C54-1
Added Pin To Net: NetName=NetC54_1 Pin=L13-2
Added Pin To Net: NetName=NetC54_1 Pin=L14-1
Added Net: Name=NetC54_1
Added Pin To Net: NetName=NetC55_1 Pin=C55-1
Added Pin To Net: NetName=NetC55_1 Pin=L14-2
Added Pin To Net: NetName=NetC55_1 Pin=L15-1
Added Net: Name=NetC55_1
Added Pin To Net: NetName=NetC56_1 Pin=C56-1
Added Pin To Net: NetName=NetC56_1 Pin=L15-2
Added Pin To Net: NetName=NetC56_1 Pin=L16-1
Added Net: Name=NetC56_1
Added Pin To Net: NetName=NetD1_2 Pin=D1-2
Added Pin To Net: NetName=NetD1_2 Pin=R58-1
Added Net: Name=NetD1_2
Added Pin To Net: NetName=NetJ2_1 Pin=J2-1
Added Pin To Net: NetName=NetJ2_1 Pin=J2-1A
Added Pin To Net: NetName=NetJ2_1 Pin=J2-1B
Added Pin To Net: NetName=NetJ2_1 Pin=SW2-1
Added Net: Name=NetJ2_1
Added Pin To Net: NetName=NetJ2_3 Pin=J2-3
Added Pin To Net: NetName=NetJ2_3 Pin=J2-3A
Added Pin To Net: NetName=NetJ2_3 Pin=J2-3B
Added Net: Name=NetJ2_3
Added Pin To Net: NetName=NetP2_1 Pin=P2-1
Added Pin To Net: NetName=NetP2_1 Pin=R11-2
Added Pin To Net: NetName=NetP2_1 Pin=R13-2
Added Net: Name=NetP2_1
Added Pin To Net: NetName=NetP2_2 Pin=P2-2
Added Pin To Net: NetName=NetP2_2 Pin=R12-1
Added Pin To Net: NetName=NetP2_2 Pin=R13-1
Added Pin To Net: NetName=NetP2_2 Pin=U4-3
Added Net: Name=NetP2_2
Added Pin To Net: NetName=NetP2_3 Pin=P2-3
Added Pin To Net: NetName=NetP2_3 Pin=R10-1
Added Pin To Net: NetName=NetP2_3 Pin=R12-2
Added Net: Name=NetP2_3
Added Pin To Net: NetName=NetR2_2 Pin=R2-2
Added Net: Name=NetR2_2
Added Pin To Net: NetName=NetR7_2 Pin=R7-2
Added Pin To Net: NetName=NetR7_2 Pin=U2-2
Added Net: Name=NetR7_2
Added Pin To Net: NetName=NetR8_1 Pin=R8-1
Added Pin To Net: NetName=NetR8_1 Pin=SW1-A
Added Pin To Net: NetName=NetR8_1 Pin=SW1-AA
Added Pin To Net: NetName=NetR8_1 Pin=U2-3
Added Net: Name=NetR8_1
Added Pin To Net: NetName=NetR9_1 Pin=R9-1
Added Pin To Net: NetName=NetR9_1 Pin=Y1-3
Added Net: Name=NetR9_1
Added Pin To Net: NetName=NetR14_1 Pin=R14-1
Added Pin To Net: NetName=NetR14_1 Pin=U4-7
Added Net: Name=NetR14_1
Added Pin To Net: NetName=NetR17_2 Pin=R17-2
Added Pin To Net: NetName=NetR17_2 Pin=R25-1
Added Net: Name=NetR17_2
Added Pin To Net: NetName=NetR18_2 Pin=R18-2
Added Pin To Net: NetName=NetR18_2 Pin=R28-1
Added Net: Name=NetR18_2
Added Pin To Net: NetName=NetR19_2 Pin=R19-2
Added Pin To Net: NetName=NetR19_2 Pin=R26-1
Added Pin To Net: NetName=NetR19_2 Pin=R27-1
Added Net: Name=NetR19_2
Added Pin To Net: NetName=NetR21_2 Pin=R21-2
Added Pin To Net: NetName=NetR21_2 Pin=R29-1
Added Pin To Net: NetName=NetR21_2 Pin=R30-1
Added Net: Name=NetR21_2
Added Pin To Net: NetName=NetR23_2 Pin=R23-2
Added Net: Name=NetR23_2
Added Pin To Net: NetName=NetR24_2 Pin=R24-2
Added Net: Name=NetR24_2
Added Pin To Net: NetName=NetR25_2 Pin=R25-2
Added Pin To Net: NetName=NetR25_2 Pin=R27-2
Added Pin To Net: NetName=NetR25_2 Pin=R32-1
Added Net: Name=NetR25_2
Added Pin To Net: NetName=NetR26_2 Pin=R26-2
Added Pin To Net: NetName=NetR26_2 Pin=R31-1
Added Net: Name=NetR26_2
Added Pin To Net: NetName=NetR28_2 Pin=R28-2
Added Pin To Net: NetName=NetR28_2 Pin=R30-2
Added Pin To Net: NetName=NetR28_2 Pin=R34-1
Added Net: Name=NetR28_2
Added Pin To Net: NetName=NetR29_2 Pin=R29-2
Added Pin To Net: NetName=NetR29_2 Pin=R33-1
Added Net: Name=NetR29_2
Added Pin To Net: NetName=NetR35_1 Pin=R35-1
Added Pin To Net: NetName=NetR35_1 Pin=U8-14
Added Net: Name=NetR35_1
Added Pin To Net: NetName=NetR36_1 Pin=R36-1
Added Pin To Net: NetName=NetR36_1 Pin=U8-13
Added Net: Name=NetR36_1
Added Pin To Net: NetName=NetR40_2 Pin=R40-2
Added Pin To Net: NetName=NetR40_2 Pin=U9-48
Added Net: Name=NetR40_2
Added Pin To Net: NetName=NetR41_2 Pin=R41-2
Added Pin To Net: NetName=NetR41_2 Pin=U9-1
Added Net: Name=NetR41_2
Added Pin To Net: NetName=NetR42_2 Pin=R42-2
Added Pin To Net: NetName=NetR42_2 Pin=U9-25
Added Net: Name=NetR42_2
Added Pin To Net: NetName=NetR43_2 Pin=R43-2
Added Pin To Net: NetName=NetR43_2 Pin=U9-24
Added Net: Name=NetR43_2
Added Pin To Net: NetName=NetR53_2 Pin=R53-2
Added Pin To Net: NetName=NetR53_2 Pin=U11-27
Added Net: Name=NetR53_2
Added Pin To Net: NetName=NetR54_1 Pin=R54-1
Added Pin To Net: NetName=NetR54_1 Pin=R55-2
Added Net: Name=NetR54_1
Added Pin To Net: NetName=NetR55_1 Pin=R55-1
Added Pin To Net: NetName=NetR55_1 Pin=U11-17
Added Net: Name=NetR55_1
Added Pin To Net: NetName=NetTP_6_1 Pin=TP_6-1
Added Pin To Net: NetName=NetTP_6_1 Pin=U17-8
Added Net: Name=NetTP_6_1
Added Pin To Net: NetName=NetTP_7_1 Pin=TP_7-1
Added Pin To Net: NetName=NetTP_7_1 Pin=U18-8
Added Net: Name=NetTP_7_1
Added Pin To Net: NetName=NetTP_8_1 Pin=TP_8-1
Added Pin To Net: NetName=NetTP_8_1 Pin=U19-8
Added Net: Name=NetTP_8_1
Added Pin To Net: NetName=NU_1 Pin=P4-1
Added Pin To Net: NetName=NU_1 Pin=U9-2
Added Net: Name=NU_1
Added Pin To Net: NetName=NU_2 Pin=P4-2
Added Pin To Net: NetName=NU_2 Pin=U9-3
Added Net: Name=NU_2
Added Pin To Net: NetName=NU_3 Pin=P4-3
Added Pin To Net: NetName=NU_3 Pin=U9-5
Added Net: Name=NU_3
Added Pin To Net: NetName=NU_4 Pin=P4-4
Added Pin To Net: NetName=NU_4 Pin=U9-6
Added Net: Name=NU_4
Added Pin To Net: NetName=NU_5 Pin=P4-5
Added Pin To Net: NetName=NU_5 Pin=U9-8
Added Net: Name=NU_5
Added Pin To Net: NetName=NU_FPGA_1 Pin=U9-47
Added Net: Name=NU_FPGA_1
Added Pin To Net: NetName=NU_FPGA_2 Pin=U9-46
Added Net: Name=NU_FPGA_2
Added Pin To Net: NetName=NU_FPGA_3 Pin=U9-44
Added Net: Name=NU_FPGA_3
Added Pin To Net: NetName=NU_FPGA_4 Pin=U9-43
Added Net: Name=NU_FPGA_4
Added Pin To Net: NetName=NU_FPGA_5 Pin=U9-41
Added Net: Name=NU_FPGA_5
Added Pin To Net: NetName=NU_SPI_1 Pin=P3-7
Added Net: Name=NU_SPI_1
Added Pin To Net: NetName=NU_SPI_2 Pin=P3-8
Added Net: Name=NU_SPI_2
Added Pin To Net: NetName=O\E\_LCD Pin=R39-1
Added Pin To Net: NetName=O\E\_LCD Pin=R40-1
Added Pin To Net: NetName=O\E\_LCD Pin=R42-1
Added Net: Name=O\E\_LCD
Added Pin To Net: NetName=P0 Pin=U11-40
Added Net: Name=P0
Added Pin To Net: NetName=P1 Pin=U11-41
Added Net: Name=P1
Added Pin To Net: NetName=P2 Pin=U11-42
Added Net: Name=P2
Added Pin To Net: NetName=P3 Pin=U11-43
Added Net: Name=P3
Added Pin To Net: NetName=R/W_FPGA_LCD Pin=U9-38
Added Net: Name=R/W_FPGA_LCD
Added Pin To Net: NetName=R/W_LCD Pin=P5-5
Added Pin To Net: NetName=R/W_LCD Pin=U9-11
Added Net: Name=R/W_LCD
Added Pin To Net: NetName=REFA Pin=C12-1
Added Pin To Net: NetName=REFA Pin=C161-1
Added Pin To Net: NetName=REFA Pin=C162-1
Added Pin To Net: NetName=REFA Pin=C163-1
Added Pin To Net: NetName=REFA Pin=C166-1
Added Pin To Net: NetName=REFA Pin=C167-1
Added Pin To Net: NetName=REFA Pin=C168-1
Added Pin To Net: NetName=REFA Pin=U8-3
Added Pin To Net: NetName=REFA Pin=U17-6
Added Net: Name=REFA
Added Pin To Net: NetName=REFB Pin=C13-1
Added Pin To Net: NetName=REFB Pin=C171-1
Added Pin To Net: NetName=REFB Pin=C172-1
Added Pin To Net: NetName=REFB Pin=C173-1
Added Pin To Net: NetName=REFB Pin=C174-1
Added Pin To Net: NetName=REFB Pin=C175-1
Added Pin To Net: NetName=REFB Pin=C176-1
Added Pin To Net: NetName=REFB Pin=U8-6
Added Pin To Net: NetName=REFB Pin=U18-6
Added Net: Name=REFB
Added Pin To Net: NetName=REFOUT Pin=CH2-1
Added Pin To Net: NetName=REFOUT Pin=R57-1
Added Pin To Net: NetName=REFOUT Pin=U13-1
Added Net: Name=REFOUT
Added Pin To Net: NetName=RS_FPGA_LCD Pin=U9-40
Added Net: Name=RS_FPGA_LCD
Added Pin To Net: NetName=RS_LCD Pin=P5-4
Added Pin To Net: NetName=RS_LCD Pin=U9-9
Added Net: Name=RS_LCD
Added Net: Name=RX232_FPGA
Added Pin To Net: NetName=RX232 Pin=J1-3
Added Net: Name=RX232
Added Pin To Net: NetName=SDATA_A Pin=R35-2
Added Net: Name=SDATA_A
Added Pin To Net: NetName=SDATA_B Pin=R36-2
Added Net: Name=SDATA_B
Added Pin To Net: NetName=SPI_R Pin=P3-5
Added Net: Name=SPI_R
Added Pin To Net: NetName=SPI_SCLK Pin=P3-1
Added Net: Name=SPI_SCLK
Added Pin To Net: NetName=SPI_W Pin=P3-6
Added Net: Name=SPI_W
Added Pin To Net: NetName=SS Pin=P3-4
Added Net: Name=SS
Added Pin To Net: NetName=TCK_FPGA Pin=P1-1
Added Pin To Net: NetName=TCK_FPGA Pin=R3-1
Added Net: Name=TCK_FPGA
Added Pin To Net: NetName=TDI_FPGA Pin=P1-9
Added Pin To Net: NetName=TDI_FPGA Pin=R6-1
Added Net: Name=TDI_FPGA
Added Pin To Net: NetName=TDO_FPGA Pin=P1-3
Added Pin To Net: NetName=TDO_FPGA Pin=R4-1
Added Net: Name=TDO_FPGA
Added Pin To Net: NetName=TMS_FPGA Pin=P1-5
Added Pin To Net: NetName=TMS_FPGA Pin=R5-1
Added Net: Name=TMS_FPGA
Added Net: Name=TX232_FPGA
Added Pin To Net: NetName=TX232 Pin=J1-2
Added Net: Name=TX232
Added Pin To Net: NetName=VEE_LCD Pin=P5-3
Added Pin To Net: NetName=VEE_LCD Pin=R44-3
Added Net: Name=VEE_LCD
Added Pin To Net: NetName=VINA+ Pin=R31-2
Added Pin To Net: NetName=VINA+ Pin=U8-1
Added Net: Name=VINA+
Added Pin To Net: NetName=VINA- Pin=R32-2
Added Pin To Net: NetName=VINA- Pin=U8-2
Added Net: Name=VINA-
Added Pin To Net: NetName=VINA Pin=PA1-1
Added Pin To Net: NetName=VINA Pin=R15-2
Added Pin To Net: NetName=VINA Pin=R17-1
Added Net: Name=VINA
Added Pin To Net: NetName=VINB+ Pin=R33-2
Added Pin To Net: NetName=VINB+ Pin=U8-8
Added Net: Name=VINB+
Added Pin To Net: NetName=VINB- Pin=R34-2
Added Pin To Net: NetName=VINB- Pin=U8-7
Added Net: Name=VINB-
Added Pin To Net: NetName=VINB Pin=PB1-1
Added Pin To Net: NetName=VINB Pin=R16-2
Added Pin To Net: NetName=VINB Pin=R18-1
Added Net: Name=VINB
Added Class: Name=SH02-PERI
Added Class: Name=SH03-AD
Added Class: Name=SH05-DDS
Added Class: Name=SH06-UI
Added Class: Name=SH08-PWR1
Added Class: Name=SH09-PWR2
Added Class: Name=SH10-ASSI
