Removed Pin From Net: NetName=NU_1 Pin=U12-2
Removed Pin From Net: NetName=NU_2 Pin=U12-3
Removed Pin From Net: NetName=NU_3 Pin=U12-5
Removed Pin From Net: NetName=NU_4 Pin=U12-6
Removed Pin From Net: NetName=NU_5 Pin=U12-8
Removed Pin From Net: NetName=RS_LCD Pin=U12-9
Removed Pin From Net: NetName=R/W_LCD Pin=U12-11
Removed Pin From Net: NetName=E_LCD Pin=U12-12
Removed Pin From Net: NetName=DB0_LCD Pin=U12-13
Removed Pin From Net: NetName=DB1_LCD Pin=U12-14
Removed Pin From Net: NetName=DB2_LCD Pin=U12-16
Removed Pin From Net: NetName=DB3_LCD Pin=U12-17
Removed Pin From Net: NetName=DB4_LCD Pin=U12-19
Removed Pin From Net: NetName=DB5_LCD Pin=U12-20
Removed Pin From Net: NetName=DB6_LCD Pin=U12-22
Removed Pin From Net: NetName=DB7_LCD Pin=U12-23
Added Pin To Net: NetName=RS_LCD Pin=U12-2
Added Pin To Net: NetName=R/W_LCD Pin=U12-3
Added Pin To Net: NetName=E_LCD Pin=U12-5
Added Pin To Net: NetName=DB0_LCD Pin=U12-6
Added Pin To Net: NetName=DB1_LCD Pin=U12-8
Added Pin To Net: NetName=DB2_LCD Pin=U12-9
Added Pin To Net: NetName=DB3_LCD Pin=U12-11
Added Pin To Net: NetName=DB4_LCD Pin=U12-12
Added Pin To Net: NetName=DB5_LCD Pin=U12-13
Added Pin To Net: NetName=DB6_LCD Pin=U12-14
Added Pin To Net: NetName=DB7_LCD Pin=U12-16
Added Pin To Net: NetName=NU_1 Pin=U12-17
Added Pin To Net: NetName=NU_2 Pin=U12-19
Added Pin To Net: NetName=NU_3 Pin=U12-20
Added Pin To Net: NetName=NU_4 Pin=U12-22
Added Pin To Net: NetName=NU_5 Pin=U12-23
