Removed Pin From Net: NetName=SPI_SCLK Pin=U1-135
Removed Pin From Net: NetName=O\E\_LCD Pin=U1-172
Removed Pin From Net: NetName=1DIR_LCD Pin=U1-177
Removed Pin From Net: NetName=2DIR_LCD Pin=U1-180
Removed Pin From Net: NetName=NU_FPGA_1 Pin=U1-181
Removed Pin From Net: NetName=NU_FPGA_2 Pin=U1-185
Removed Pin From Net: NetName=NU_FPGA_3 Pin=U1-186
Removed Pin From Net: NetName=NU_FPGA_4 Pin=U1-187
Removed Pin From Net: NetName=NU_FPGA_5 Pin=U1-189
Removed Pin From Net: NetName=RS_FPGA_LCD Pin=U1-190
Removed Pin From Net: NetName=R/W_FPGA_LCD Pin=U1-192
Removed Pin From Net: NetName=E_FPGA_LCD Pin=U1-193
Removed Pin From Net: NetName=DB0_FPGA_LCD Pin=U1-196
Removed Pin From Net: NetName=DB1_FPGA_LCD Pin=U1-197
Removed Pin From Net: NetName=DB2_FPGA_LCD Pin=U1-199
Removed Pin From Net: NetName=DB3_FPGA_LCD Pin=U1-200
Removed Pin From Net: NetName=DB4_FPGA_LCD Pin=U1-202
Removed Pin From Net: NetName=DB5_FPGA_LCD Pin=U1-203
Removed Pin From Net: NetName=DB6_FPGA_LCD Pin=U1-205
Removed Pin From Net: NetName=DB7_FPGA_LCD Pin=U1-206
Removed Pin From Net: NetName=DB7_FPGA_LCD Pin=U12-26
Removed Pin From Net: NetName=DB6_FPGA_LCD Pin=U12-27
Removed Pin From Net: NetName=DB5_FPGA_LCD Pin=U12-29
Removed Pin From Net: NetName=DB4_FPGA_LCD Pin=U12-30
Removed Pin From Net: NetName=DB3_FPGA_LCD Pin=U12-32
Removed Pin From Net: NetName=DB2_FPGA_LCD Pin=U12-33
Removed Pin From Net: NetName=DB1_FPGA_LCD Pin=U12-35
Removed Pin From Net: NetName=DB0_FPGA_LCD Pin=U12-36
Removed Pin From Net: NetName=E_FPGA_LCD Pin=U12-37
Removed Pin From Net: NetName=R/W_FPGA_LCD Pin=U12-38
Removed Pin From Net: NetName=RS_FPGA_LCD Pin=U12-40
Removed Pin From Net: NetName=NU_FPGA_5 Pin=U12-41
Removed Pin From Net: NetName=NU_FPGA_4 Pin=U12-43
Removed Pin From Net: NetName=NU_FPGA_3 Pin=U12-44
Removed Pin From Net: NetName=NU_FPGA_2 Pin=U12-46
Removed Pin From Net: NetName=NU_FPGA_1 Pin=U12-47
Added Pin To Net: NetName=1DIR_LCD Pin=U1-126
Added Pin To Net: NetName=O\E\_LCD Pin=U1-127
Added Pin To Net: NetName=RS_FPGA_LCD Pin=U1-128
Added Pin To Net: NetName=R/W_FPGA_LCD Pin=U1-129
Added Pin To Net: NetName=E_FPGA_LCD Pin=U1-132
Added Pin To Net: NetName=DB0_FPGA_LCD Pin=U1-133
Added Pin To Net: NetName=DB1_FPGA_LCD Pin=U1-134
Added Pin To Net: NetName=DB2_FPGA_LCD Pin=U1-135
Added Pin To Net: NetName=DB3_FPGA_LCD Pin=U1-137
Added Pin To Net: NetName=DB4_FPGA_LCD Pin=U1-138
Added Pin To Net: NetName=DB5_FPGA_LCD Pin=U1-139
Added Pin To Net: NetName=DB6_FPGA_LCD Pin=U1-140
Added Pin To Net: NetName=DB7_FPGA_LCD Pin=U1-144
Added Pin To Net: NetName=NU_FPGA_1 Pin=U1-145
Added Pin To Net: NetName=NU_FPGA_2 Pin=U1-146
Added Pin To Net: NetName=NU_FPGA_3 Pin=U1-147
Added Pin To Net: NetName=NU_FPGA_4 Pin=U1-150
Added Pin To Net: NetName=NU_FPGA_5 Pin=U1-151
Added Pin To Net: NetName=2DIR_LCD Pin=U1-152
Added Pin To Net: NetName=SPI_SCLK Pin=U1-153
Added Pin To Net: NetName=NU_FPGA_5 Pin=U12-26
Added Pin To Net: NetName=NU_FPGA_4 Pin=U12-27
Added Pin To Net: NetName=NU_FPGA_3 Pin=U12-29
Added Pin To Net: NetName=NU_FPGA_2 Pin=U12-30
Added Pin To Net: NetName=NU_FPGA_1 Pin=U12-32
Added Pin To Net: NetName=DB7_FPGA_LCD Pin=U12-33
Added Pin To Net: NetName=DB6_FPGA_LCD Pin=U12-35
Added Pin To Net: NetName=DB5_FPGA_LCD Pin=U12-36
Added Pin To Net: NetName=DB4_FPGA_LCD Pin=U12-37
Added Pin To Net: NetName=DB3_FPGA_LCD Pin=U12-38
Added Pin To Net: NetName=DB2_FPGA_LCD Pin=U12-40
Added Pin To Net: NetName=DB1_FPGA_LCD Pin=U12-41
Added Pin To Net: NetName=DB0_FPGA_LCD Pin=U12-43
Added Pin To Net: NetName=E_FPGA_LCD Pin=U12-44
Added Pin To Net: NetName=R/W_FPGA_LCD Pin=U12-46
Added Pin To Net: NetName=RS_FPGA_LCD Pin=U12-47
