Added Component: Designator=U9(CP-56)
Added Pin To Net: NetName=DDS_MASTER_RESET Pin=U9-3
Added Pin To Net: NetName=DDS_PWR_DWN_CTL Pin=U9-4
Added Pin To Net: NetName=1V8 Pin=U9-5
Added Pin To Net: NetName=GND Pin=U9-6
Added Pin To Net: NetName=1V8 Pin=U9-7
Added Pin To Net: NetName=CH2_IOUT Pin=U9-8
Added Pin To Net: NetName=C\H\2\_\I\O\U\T\ Pin=U9-9
Added Pin To Net: NetName=GND Pin=U9-10
Added Pin To Net: NetName=1V8 Pin=U9-11
Added Pin To Net: NetName=GND Pin=U9-12
Added Pin To Net: NetName=CH3_IOUT Pin=U9-13
Added Pin To Net: NetName=C\H\3\_\I\O\U\T\ Pin=U9-14
Added Pin To Net: NetName=1V8 Pin=U9-15
Added Pin To Net: NetName=GND Pin=U9-16
Added Pin To Net: NetName=NetR31_1 Pin=U9-17
Added Pin To Net: NetName=GND Pin=U9-18
Added Pin To Net: NetName=1V8 Pin=U9-19
Added Pin To Net: NetName=GND Pin=U9-20
Added Pin To Net: NetName=1V8 Pin=U9-21
Added Pin To Net: NetName=NetC40_2 Pin=U9-22
Added Pin To Net: NetName=NetC48_1 Pin=U9-23
Added Pin To Net: NetName=DDS_CLK_MODE_SEL Pin=U9-24
Added Pin To Net: NetName=GND Pin=U9-25
Added Pin To Net: NetName=1V8 Pin=U9-26
Added Pin To Net: NetName=NetR29_2 Pin=U9-27
Added Pin To Net: NetName=GND Pin=U9-28
Added Pin To Net: NetName=C\H\0\_\I\O\U\T\ Pin=U9-29
Added Pin To Net: NetName=CH0_IOUT Pin=U9-30
Added Pin To Net: NetName=1V8 Pin=U9-31
Added Pin To Net: NetName=GND Pin=U9-32
Added Pin To Net: NetName=1V8 Pin=U9-33
Added Pin To Net: NetName=GND Pin=U9-34
Added Pin To Net: NetName=C\H\1\_\I\O\U\T\ Pin=U9-35
Added Pin To Net: NetName=CH1_IOUT Pin=U9-36
Added Pin To Net: NetName=1V8 Pin=U9-37
Added Pin To Net: NetName=GND Pin=U9-38
Added Pin To Net: NetName=1V8 Pin=U9-39
Added Pin To Net: NetName=P0 Pin=U9-40
Added Pin To Net: NetName=P1 Pin=U9-41
Added Pin To Net: NetName=P2 Pin=U9-42
Added Pin To Net: NetName=P3 Pin=U9-43
Added Pin To Net: NetName=GND Pin=U9-44
Added Pin To Net: NetName=1V8 Pin=U9-45
Added Pin To Net: NetName=DDS_IO_UPDATE Pin=U9-46
Added Pin To Net: NetName=DDS_\C\S\ Pin=U9-47
Added Pin To Net: NetName=DDS_S_CLK Pin=U9-48
Added Pin To Net: NetName=3V3 Pin=U9-49
Added Pin To Net: NetName=DDS_SDIO_0 Pin=U9-50
Added Pin To Net: NetName=DDS_SDIO_1 Pin=U9-51
Added Pin To Net: NetName=DDS_SDIO_2 Pin=U9-52
Added Pin To Net: NetName=DDS_SDIO_3 Pin=U9-53
Added Pin To Net: NetName=DDS_SYNC_CLK Pin=U9-54
Added Pin To Net: NetName=1V8 Pin=U9-55
Added Pin To Net: NetName=GND Pin=U9-56
Added Member To Class: ClassName=SH05-DDS Member=Component U9 AD9959
