Removed Pin From Net: NetName=1V8 Pin=C45-1
Removed Pin From Net: NetName=GND Pin=C45-2
Removed Pin From Net: NetName=GND Pin=C89-1
Removed Pin From Net: NetName=3V3 Pin=C89-2
Removed Pin From Net: NetName=GND Pin=C101-1
Removed Pin From Net: NetName=3V3 Pin=C101-2
Removed Pin From Net: NetName=GND Pin=C102-1
Removed Pin From Net: NetName=3V3 Pin=C102-2
Removed Pin From Net: NetName=GND Pin=C103-1
Removed Pin From Net: NetName=3V3 Pin=C103-2
Removed Pin From Net: NetName=GND Pin=C104-1
Removed Pin From Net: NetName=3V3 Pin=C104-2
Removed Pin From Net: NetName=GND Pin=C105-1
Removed Pin From Net: NetName=3V3 Pin=C105-2
Removed Pin From Net: NetName=GND Pin=C106-1
Removed Pin From Net: NetName=3V3 Pin=C106-2
Removed Pin From Net: NetName=GND Pin=C107-1
Removed Pin From Net: NetName=3V3 Pin=C107-2
Removed Pin From Net: NetName=GND Pin=C108-1
Removed Pin From Net: NetName=3V3 Pin=C108-2
Removed Pin From Net: NetName=GND Pin=C109-1
Removed Pin From Net: NetName=3V3 Pin=C109-2
Removed Pin From Net: NetName=GND Pin=C110-1
Removed Pin From Net: NetName=3V3 Pin=C110-2
Removed Pin From Net: NetName=GND Pin=C111-1
Removed Pin From Net: NetName=3V3 Pin=C111-2
Removed Pin From Net: NetName=1V2 Pin=TP_5-1
Removed Member From Class: ClassName=SH05-DDS Member=C45
Removed Member From Class: ClassName=SH05-DDS Member=C45
Removed Member From Class: ClassName=SH08-PWR1 Member=C89
Removed Member From Class: ClassName=SH08-PWR1 Member=C89
Removed Member From Class: ClassName=SH08-PWR1 Member=C101
Removed Member From Class: ClassName=SH08-PWR1 Member=C101
Removed Member From Class: ClassName=SH08-PWR1 Member=C102
Removed Member From Class: ClassName=SH08-PWR1 Member=C102
Removed Member From Class: ClassName=SH08-PWR1 Member=C103
Removed Member From Class: ClassName=SH08-PWR1 Member=C103
Removed Member From Class: ClassName=SH08-PWR1 Member=C104
Removed Member From Class: ClassName=SH08-PWR1 Member=C104
Removed Member From Class: ClassName=SH08-PWR1 Member=C105
Removed Member From Class: ClassName=SH08-PWR1 Member=C105
Removed Member From Class: ClassName=SH08-PWR1 Member=C106
Removed Member From Class: ClassName=SH08-PWR1 Member=C106
Removed Member From Class: ClassName=SH08-PWR1 Member=C107
Removed Member From Class: ClassName=SH08-PWR1 Member=C107
Removed Member From Class: ClassName=SH08-PWR1 Member=C108
Removed Member From Class: ClassName=SH08-PWR1 Member=C108
Removed Member From Class: ClassName=SH08-PWR1 Member=C109
Removed Member From Class: ClassName=SH08-PWR1 Member=C109
Removed Member From Class: ClassName=SH08-PWR1 Member=C110
Removed Member From Class: ClassName=SH08-PWR1 Member=C110
Removed Member From Class: ClassName=SH08-PWR1 Member=C111
Removed Member From Class: ClassName=SH08-PWR1 Member=C111
Removed Member From Class: ClassName=SH08-PWR1 Member=TP_5
Removed Member From Class: ClassName=SH08-PWR1 Member=TP_5
Change Component Comment : Designator=R53 Old Comment=Res,10K/0603 New Comment=Res,10K/0603,NoPoP
Change Component Comment : Designator=R52 Old Comment=Res,10K/0603 New Comment=Res,10K/0603,NoPoP
