Added Component: Designator=U5(SOIC127P600X175-8N)
Added Component: Designator=U6(SOIC127P600X175-8N)
Added Component: Designator=U7(SOIC127P600X175-8N)
Added Component: Designator=U?(PQG208_N)
Added Component: Designator=U?(PQG208_N)
Added Component: Designator=U?(PQG208_N)
Added Component: Designator=U?(PQG208_N)
Added Component: Designator=U?(PQG208_N)
Added Component: Designator=U?(PQG208_N)
Added Component: Designator=U?(PQG208_N)
Added Component: Designator=U?(PQG208_N)
Added Pin To Net: NetName=NetR26_2 Pin=U5-1
Added Pin To Net: NetName=NetR19_2 Pin=U5-2
Added Pin To Net: NetName=NetR17_2 Pin=U5-3
Added Pin To Net: NetName=-5VA Pin=U5-4
Added Pin To Net: NetName=NetC10_1 Pin=U5-5
Added Pin To Net: NetName=NetR19_2 Pin=U5-6
Added Pin To Net: NetName=NetR25_2 Pin=U5-7
Added Pin To Net: NetName=+5VA Pin=U5-8
Added Pin To Net: NetName=NetR29_2 Pin=U6-1
Added Pin To Net: NetName=NetR21_2 Pin=U6-2
Added Pin To Net: NetName=NetR18_2 Pin=U6-3
Added Pin To Net: NetName=-5VA Pin=U6-4
Added Pin To Net: NetName=NetC11_1 Pin=U6-5
Added Pin To Net: NetName=NetR21_2 Pin=U6-6
Added Pin To Net: NetName=NetR28_2 Pin=U6-7
Added Pin To Net: NetName=+5VA Pin=U6-8
Added Pin To Net: NetName=NetR23_2 Pin=U7-1
Added Pin To Net: NetName=NetR23_2 Pin=U7-2
Added Pin To Net: NetName=REFA Pin=U7-3
Added Pin To Net: NetName=-5VA Pin=U7-4
Added Pin To Net: NetName=REFB Pin=U7-5
Added Pin To Net: NetName=NetR24_2 Pin=U7-6
Added Pin To Net: NetName=NetR24_2 Pin=U7-7
Added Pin To Net: NetName=+5VA Pin=U7-8
Added Pin To Net: NetName=NetR7_2 Pin=U?-1
Added Pin To Net: NetName=2V5 Pin=U?-7
Added Pin To Net: NetName=GND Pin=U?-10
Added Pin To Net: NetName=CTL_REF Pin=U?-12
Added Pin To Net: NetName=1V2 Pin=U?-13
Added Pin To Net: NetName=CTL_MES Pin=U?-15
Added Pin To Net: NetName=GND Pin=U?-17
Added Pin To Net: NetName=DDS_SDIO_3 Pin=U?-18
Added Pin To Net: NetName=DDS_SDIO_2 Pin=U?-19
Added Pin To Net: NetName=3V3 Pin=U?-21
Added Pin To Net: NetName=DDS_SDIO_1 Pin=U?-22
Added Pin To Net: NetName=DDS_SDIO_0 Pin=U?-23
Added Pin To Net: NetName=DDS_S_CLK Pin=U?-24
Added Pin To Net: NetName=DDS_\C\S\ Pin=U?-25
Added Pin To Net: NetName=GND Pin=U?-27
Added Pin To Net: NetName=DDS_IO_UPDATE Pin=U?-28
Added Pin To Net: NetName=P3 Pin=U?-29
Added Pin To Net: NetName=P2 Pin=U?-30
Added Pin To Net: NetName=P1 Pin=U?-31
Added Pin To Net: NetName=P0 Pin=U?-33
Added Pin To Net: NetName=DDS_CLK_MODE_SEL Pin=U?-34
Added Pin To Net: NetName=DDS_PWR_DWN_CTL Pin=U?-35
Added Pin To Net: NetName=DDS_MASTER_RESET Pin=U?-36
Added Pin To Net: NetName=GND Pin=U?-37
Added Pin To Net: NetName=3V3 Pin=U?-38
Added Pin To Net: NetName=2V5 Pin=U?-44
Added Pin To Net: NetName=3V3 Pin=U?-46
Added Pin To Net: NetName=GND Pin=U?-52
Added Pin To Net: NetName=GND Pin=U?-53
Added Pin To Net: NetName=CSO_B_FLASH Pin=U?-55
Added Pin To Net: NetName=3V3 Pin=U?-59
Added Pin To Net: NetName=MOSI_FLASH Pin=U?-61
Added Pin To Net: NetName=TX232_FPGA Pin=U?-63
Added Pin To Net: NetName=RX232_FPGA Pin=U?-64
Added Pin To Net: NetName=2V5 Pin=U?-66
Added Pin To Net: NetName=1V2 Pin=U?-67
Added Pin To Net: NetName=GND Pin=U?-70
Added Pin To Net: NetName=3V3 Pin=U?-73
Added Pin To Net: NetName=NU_SPI_2 Pin=U?-74
Added Pin To Net: NetName=NU_SPI_1 Pin=U?-75
Added Pin To Net: NetName=SPI_W Pin=U?-76
Added Pin To Net: NetName=SPI_R Pin=U?-77
Added Pin To Net: NetName=SS Pin=U?-78
Added Pin To Net: NetName=GND Pin=U?-79
Added Pin To Net: NetName=MISO Pin=U?-82
Added Pin To Net: NetName=MOSI Pin=U?-83
Added Pin To Net: NetName=SPI_SCLK Pin=U?-84
Added Pin To Net: NetName=GND Pin=U?-85
Added Pin To Net: NetName=DIN_FLASH Pin=U?-87
Added Pin To Net: NetName=3V3 Pin=U?-88
Added Pin To Net: NetName=2V5 Pin=U?-92
Added Pin To Net: NetName=GND Pin=U?-95
Added Pin To Net: NetName=CLK_FLASH Pin=U?-103
Added Pin To Net: NetName=NetR2_2 Pin=U?-104
Added Pin To Net: NetName=GND Pin=U?-105
Added Pin To Net: NetName=2V5 Pin=U?-111
Added Pin To Net: NetName=3V3 Pin=U?-114
Added Pin To Net: NetName=1V2 Pin=U?-117
Added Pin To Net: NetName=GND Pin=U?-121
Added Pin To Net: NetName=CLK_FPGA_50M Pin=U?-124
Added Pin To Net: NetName=3V3 Pin=U?-125
Added Pin To Net: NetName=GND Pin=U?-131
Added Pin To Net: NetName=GND Pin=U?-141
Added Pin To Net: NetName=3V3 Pin=U?-143
Added Pin To Net: NetName=AC_C\S\ Pin=U?-146
Added Pin To Net: NetName=AD_SCLK Pin=U?-147
Added Pin To Net: NetName=2V5 Pin=U?-149
Added Pin To Net: NetName=SDATA_B Pin=U?-151
Added Pin To Net: NetName=SDATA_A Pin=U?-153
Added Pin To Net: NetName=TMS_FPGA Pin=U?-155
Added Pin To Net: NetName=GND Pin=U?-156
Added Pin To Net: NetName=TDO_FPGA Pin=U?-157
Added Pin To Net: NetName=TCK_FPGA Pin=U?-158
Added Pin To Net: NetName=2V5 Pin=U?-166
Added Pin To Net: NetName=1V2 Pin=U?-170
Added Pin To Net: NetName=O\E\_LCD Pin=U?-172
Added Pin To Net: NetName=GND Pin=U?-173
Added Pin To Net: NetName=3V3 Pin=U?-176
Added Pin To Net: NetName=1DIR_LCD Pin=U?-177
Added Pin To Net: NetName=2DIR_LCD Pin=U?-180
Added Pin To Net: NetName=NU_FPGA_1 Pin=U?-181
Added Pin To Net: NetName=GND Pin=U?-182
Added Pin To Net: NetName=NU_FPGA_2 Pin=U?-185
Added Pin To Net: NetName=NU_FPGA_3 Pin=U?-186
Added Pin To Net: NetName=NU_FPGA_4 Pin=U?-187
Added Pin To Net: NetName=GND Pin=U?-188
Added Pin To Net: NetName=NU_FPGA_5 Pin=U?-189
Added Pin To Net: NetName=RS_FPGA_LCD Pin=U?-190
Added Pin To Net: NetName=3V3 Pin=U?-191
Added Pin To Net: NetName=R/W_FPGA_LCD Pin=U?-192
Added Pin To Net: NetName=E_FPGA_LCD Pin=U?-193
Added Pin To Net: NetName=2V5 Pin=U?-195
Added Pin To Net: NetName=DB0_FPGA_LCD Pin=U?-196
Added Pin To Net: NetName=DB1_FPGA_LCD Pin=U?-197
Added Pin To Net: NetName=GND Pin=U?-198
Added Pin To Net: NetName=DB2_FPGA_LCD Pin=U?-199
Added Pin To Net: NetName=DB3_FPGA_LCD Pin=U?-200
Added Pin To Net: NetName=3V3 Pin=U?-201
Added Pin To Net: NetName=DB4_FPGA_LCD Pin=U?-202
Added Pin To Net: NetName=DB5_FPGA_LCD Pin=U?-203
Added Pin To Net: NetName=DB6_FPGA_LCD Pin=U?-205
Added Pin To Net: NetName=DB7_FPGA_LCD Pin=U?-206
Added Pin To Net: NetName=TDI_FPGA Pin=U?-207
Added Pin To Net: NetName=GND Pin=U?-208
Change Class Name : Old Net Name=SH10-ASSI New Net Name=SH07-COREPWR
Added Class: Name=SH04-DSP
Added Class: Name=SH10-ASSI
Added Member To Class: ClassName=SH03-AD Member=Component U5 AD8022
Added Member To Class: ClassName=SH03-AD Member=Component U6 AD8022
Added Member To Class: ClassName=SH03-AD Member=Component U7 AD8022
Added Member To Class: ClassName=SH02-PERI Member=Component U? XC3S500E-4PQG208C
Added Member To Class: ClassName=SH02-PERI Member=Component U? XC3S500E-4PQG208C
Added Member To Class: ClassName=SH05-DDS Member=Component U? XC3S500E-4PQG208C
Added Member To Class: ClassName=SH07-COREPWR Member=Component U? XC3S500E-4PQG208C
Added Member To Class: ClassName=SH07-COREPWR Member=Component U? XC3S500E-4PQG208C
Added Member To Class: ClassName=SH07-COREPWR Member=Component U? XC3S500E-4PQG208C
