Removed Pin From Net: NetName=CTL_REF Pin=U1-167
Removed Pin From Net: NetName=DDS_PWR_DWN_CTL Pin=U1-168
Removed Pin From Net: NetName=DDS_MASTER_RESET Pin=U1-171
Removed Pin From Net: NetName=DDS_SDIO_3 Pin=U1-172
Removed Pin From Net: NetName=DDS_SDIO_2 Pin=U1-177
Removed Pin From Net: NetName=DDS_SDIO_1 Pin=U1-178
Removed Pin From Net: NetName=DDS_SDIO_0 Pin=U1-179
Removed Pin From Net: NetName=DDS_S_CLK Pin=U1-180
Removed Pin From Net: NetName=DDS_\C\S\ Pin=U1-181
Removed Pin From Net: NetName=DDS_IO_UPDATE Pin=U1-185
Removed Pin From Net: NetName=P3 Pin=U1-186
Removed Pin From Net: NetName=P2 Pin=U1-187
Removed Pin From Net: NetName=P1 Pin=U1-189
Removed Pin From Net: NetName=P0 Pin=U1-190
Removed Pin From Net: NetName=DDS_CLK_MODE_SEL Pin=U1-192
Removed Pin From Net: NetName=CTL_MES Pin=U1-193
Added Pin To Net: NetName=CTL_REF Pin=U1-177
Added Pin To Net: NetName=DDS_PWR_DWN_CTL Pin=U1-178
Added Pin To Net: NetName=DDS_MASTER_RESET Pin=U1-179
Added Pin To Net: NetName=DDS_SDIO_3 Pin=U1-186
Added Pin To Net: NetName=DDS_SDIO_2 Pin=U1-187
Added Pin To Net: NetName=DDS_SDIO_1 Pin=U1-189
Added Pin To Net: NetName=DDS_SDIO_0 Pin=U1-190
Added Pin To Net: NetName=DDS_S_CLK Pin=U1-192
Added Pin To Net: NetName=DDS_\C\S\ Pin=U1-193
Added Pin To Net: NetName=DDS_IO_UPDATE Pin=U1-196
Added Pin To Net: NetName=P3 Pin=U1-197
Added Pin To Net: NetName=P2 Pin=U1-199
Added Pin To Net: NetName=P1 Pin=U1-200
Added Pin To Net: NetName=P0 Pin=U1-202
Added Pin To Net: NetName=DDS_CLK_MODE_SEL Pin=U1-203
Added Pin To Net: NetName=CTL_MES Pin=U1-205
