Removed Pin From Net: NetName=NetR56_1 Pin=U1-16
Removed Pin From Net: NetName=SPI_W Pin=U1-18
Removed Pin From Net: NetName=SPI_R Pin=U1-19
Removed Pin From Net: NetName=SS Pin=U1-22
Removed Pin From Net: NetName=NetR55_1 Pin=U1-23
Removed Pin From Net: NetName=NetR54_1 Pin=U1-24
Removed Pin From Net: NetName=SPI_SCLK Pin=U1-25
Removed Member From Class: ClassName=SH05-DDS Member=R46
Removed Member From Class: ClassName=SH05-DDS Member=R47
Removed Member From Class: ClassName=SH05-DDS Member=R48
Removed Member From Class: ClassName=SH05-DDS Member=R49
Removed Member From Class: ClassName=SH05-DDS Member=R50
Removed Member From Class: ClassName=SH05-DDS Member=R51
Removed Member From Class: ClassName=SH05-DDS Member=R52
Removed Member From Class: ClassName=SH05-DDS Member=R53
Added Pin To Net: NetName=NetR56_1 Pin=U1-18
Added Pin To Net: NetName=SPI_W Pin=U1-22
Added Pin To Net: NetName=SPI_R Pin=U1-23
Added Pin To Net: NetName=SS Pin=U1-24
Added Pin To Net: NetName=NetR55_1 Pin=U1-28
Added Pin To Net: NetName=NetR54_1 Pin=U1-30
Added Pin To Net: NetName=SPI_SCLK Pin=U1-34
