Removed Member From Class: ClassName=SH05-DDS Member=C14
Removed Member From Class: ClassName=SH05-DDS Member=C15
Removed Member From Class: ClassName=SH05-DDS Member=C16
Removed Member From Class: ClassName=SH05-DDS Member=C17
Removed Member From Class: ClassName=SH08-PWR1 Member=C57
Removed Member From Class: ClassName=SH08-PWR1 Member=C58
Removed Member From Class: ClassName=SH08-PWR1 Member=C59
Removed Member From Class: ClassName=SH08-PWR1 Member=C60
Removed Member From Class: ClassName=SH03-AD Member=C143
Removed Member From Class: ClassName=SH03-AD Member=C144
Removed Member From Class: ClassName=SH03-AD Member=C145
Removed Member From Class: ClassName=SH03-AD Member=C146
Removed Member From Class: ClassName=SH03-AD Member=C147
Removed Member From Class: ClassName=SH03-AD Member=C148
Removed Member From Class: ClassName=SH03-AD Member=C149
Removed Member From Class: ClassName=SH03-AD Member=C150
Removed Member From Class: ClassName=SH03-AD Member=C151
Removed Member From Class: ClassName=SH03-AD Member=C152
Removed Member From Class: ClassName=SH03-AD Member=C153
Removed Member From Class: ClassName=SH03-AD Member=C154
Removed Member From Class: ClassName=SH03-AD Member=R21
Removed Member From Class: ClassName=SH03-AD Member=R22
Removed Member From Class: ClassName=SH03-AD Member=R23
Removed Member From Class: ClassName=SH03-AD Member=R24
Removed Member From Class: ClassName=SH03-AD Member=R25
Removed Member From Class: ClassName=SH03-AD Member=R26
Removed Member From Class: ClassName=SH03-AD Member=R27
Removed Member From Class: ClassName=SH03-AD Member=R28
Removed Member From Class: ClassName=SH03-AD Member=R29
Removed Member From Class: ClassName=SH03-AD Member=R30
Removed Member From Class: ClassName=SH03-AD Member=R31
Removed Member From Class: ClassName=SH03-AD Member=R32
Removed Member From Class: ClassName=SH03-AD Member=R33
Removed Member From Class: ClassName=SH03-AD Member=R34
Removed Member From Class: ClassName=SH03-AD Member=R35
Removed Member From Class: ClassName=SH03-AD Member=R36
Removed Member From Class: ClassName=SH06-UI Member=R42
Removed Member From Class: ClassName=SH06-UI Member=R43
Removed Member From Class: ClassName=SH08-PWR1 Member=U16
