Change Component Designator: Old Designator=C10 New Designator=C?
Change Component Designator: Old Designator=C11 New Designator=C?
Change Component Designator: Old Designator=C12 New Designator=C?
Change Component Designator: Old Designator=C13 New Designator=C?
Change Component Designator: Old Designator=C14 New Designator=C?
Change Component Designator: Old Designator=C15 New Designator=C?
Change Component Designator: Old Designator=C16 New Designator=C?
Change Component Designator: Old Designator=C17 New Designator=C?
Change Component Designator: Old Designator=CF1 New Designator=CF?
Change Component Designator: Old Designator=CF2 New Designator=CF?
Change Component Designator: Old Designator=CF3 New Designator=CF?
Change Component Designator: Old Designator=CF4 New Designator=CF?
Change Component Designator: Old Designator=PA1 New Designator=PA?
Change Component Designator: Old Designator=PB1 New Designator=PB?
Change Component Designator: Old Designator=R15 New Designator=R?
Change Component Designator: Old Designator=R16 New Designator=R?
Change Component Designator: Old Designator=R17 New Designator=R?
Change Component Designator: Old Designator=R18 New Designator=R?
Change Component Designator: Old Designator=R19 New Designator=R?
Change Component Designator: Old Designator=R20 New Designator=R?
Change Component Designator: Old Designator=RF1 New Designator=RF?
Change Component Designator: Old Designator=RF2 New Designator=RF?
Change Component Designator: Old Designator=RF3 New Designator=RF?
Change Component Designator: Old Designator=RF4 New Designator=RF?
Change Component Designator: Old Designator=RG1 New Designator=RG?
Change Component Designator: Old Designator=RG2 New Designator=RG?
Change Component Designator: Old Designator=RG3 New Designator=RG?
Change Component Designator: Old Designator=RG4 New Designator=RG?
Change Component Designator: Old Designator=RG5 New Designator=RG?
Change Component Designator: Old Designator=RG6 New Designator=RG?
Change Component Designator: Old Designator=RS1 New Designator=RS?
Change Component Designator: Old Designator=RS2 New Designator=RS?
Change Component Designator: Old Designator=RS3 New Designator=RS?
Change Component Designator: Old Designator=RS4 New Designator=RS?
Change Component Designator: Old Designator=U5 New Designator=U?
Change Component Designator: Old Designator=U5 New Designator=U?
Change Component Designator: Old Designator=U6 New Designator=U?
Change Component Designator: Old Designator=U7 New Designator=U?
Change Component Designator: Old Designator=U8 New Designator=U?
