Change Component Designator: Old Designator=C? New Designator=C10
Change Component Designator: Old Designator=C? New Designator=C11
Change Component Designator: Old Designator=C? New Designator=C12
Change Component Designator: Old Designator=C? New Designator=C13
Change Component Designator: Old Designator=C? New Designator=C14
Change Component Designator: Old Designator=C? New Designator=C15
Change Component Designator: Old Designator=C? New Designator=C16
Change Component Designator: Old Designator=C? New Designator=C17
Change Component Designator: Old Designator=CF? New Designator=CF1
Change Component Designator: Old Designator=CF? New Designator=CF2
Change Component Designator: Old Designator=CF? New Designator=CF3
Change Component Designator: Old Designator=CF? New Designator=CF4
Change Component Designator: Old Designator=PA? New Designator=PA1
Change Component Designator: Old Designator=PB? New Designator=PB1
Change Component Designator: Old Designator=R? New Designator=R15
Change Component Designator: Old Designator=R? New Designator=R16
Change Component Designator: Old Designator=R? New Designator=R17
Change Component Designator: Old Designator=R? New Designator=R18
Change Component Designator: Old Designator=R? New Designator=R19
Change Component Designator: Old Designator=R? New Designator=R20
Change Component Designator: Old Designator=RF? New Designator=RF1
Change Component Designator: Old Designator=RF? New Designator=RF2
Change Component Designator: Old Designator=RF? New Designator=RF3
Change Component Designator: Old Designator=RF? New Designator=RF4
Change Component Designator: Old Designator=RG? New Designator=RG1
Change Component Designator: Old Designator=RG? New Designator=RG2
Change Component Designator: Old Designator=RG? New Designator=RG3
Change Component Designator: Old Designator=RG? New Designator=RG4
Change Component Designator: Old Designator=RG? New Designator=RG5
Change Component Designator: Old Designator=RG? New Designator=RG6
Change Component Designator: Old Designator=RS? New Designator=RS1
Change Component Designator: Old Designator=RS? New Designator=RS2
Change Component Designator: Old Designator=RS? New Designator=RS3
Change Component Designator: Old Designator=RS? New Designator=RS4
Change Component Designator: Old Designator=U? New Designator=U7
Change Component Designator: Old Designator=U? New Designator=U7
Change Component Designator: Old Designator=U? New Designator=U5
Change Component Designator: Old Designator=U? New Designator=U6
Change Component Designator: Old Designator=U? New Designator=U8
