Change Component Designator: Old Designator=C162 New Designator=C?
Change Component Designator: Old Designator=C163 New Designator=C?
Change Component Designator: Old Designator=C164 New Designator=C?
Change Component Designator: Old Designator=C165 New Designator=C?
Change Component Designator: Old Designator=C166 New Designator=C?
Change Component Designator: Old Designator=C169 New Designator=C?
Change Component Designator: Old Designator=C170 New Designator=C?
Change Component Designator: Old Designator=C172 New Designator=C?
Change Component Designator: Old Designator=C173 New Designator=C?
Change Component Designator: Old Designator=C174 New Designator=C?
Change Component Designator: Old Designator=C177 New Designator=C?
Change Component Designator: Old Designator=C178 New Designator=C?
Change Component Designator: Old Designator=C180 New Designator=C?
Change Component Designator: Old Designator=C181 New Designator=C?
Change Component Designator: Old Designator=C182 New Designator=C?
Change Component Designator: Old Designator=L17 New Designator=L?
Change Component Designator: Old Designator=L18 New Designator=L?
Change Component Designator: Old Designator=L19 New Designator=L?
Change Component Designator: Old Designator=R59 New Designator=R?
Change Component Designator: Old Designator=TP_6 New Designator=TP_?
Change Component Designator: Old Designator=TP_7 New Designator=TP_?
Change Component Designator: Old Designator=TP_8 New Designator=TP_?
Change Component Designator: Old Designator=U17 New Designator=U?
Change Component Designator: Old Designator=U18 New Designator=U?
Change Component Designator: Old Designator=U19 New Designator=U?
